[{"stream_name":"stderr","time":6.973111676,"data":"/usr/local/lib/python3.12/dist-packages/nbformat/__init__.py:96: MissingIDFieldWarning: Cell is missing an id field, this will become a hard error in future nbformat versions. You may want to use `normalize()` on your notebooks before validations (available since nbformat 5.1.4). Previous versions of nbformat are fixing this issue transparently, and will stop doing so in the future.\n"}
,{"stream_name":"stderr","time":6.9732194629999995,"data":"  validate(nb)\n"}
,{"stream_name":"stderr","time":8.17958782,"data":"0.00s - Debugger warning: It seems that frozen modules are being used, which may\n"}
,{"stream_name":"stderr","time":8.179621146,"data":"0.00s - make the debugger miss breakpoints. Please pass -Xfrozen_modules=off\n"}
,{"stream_name":"stderr","time":8.179627676,"data":"0.00s - to python to disable frozen modules.\n"}
,{"stream_name":"stderr","time":8.179633934,"data":"0.00s - Note: Debugging will proceed. Set PYDEVD_DISABLE_FILE_VALIDATION=1 to disable this validation.\n"}
,{"stream_name":"stderr","time":8.932437646,"data":"0.00s - Debugger warning: It seems that frozen modules are being used, which may\n"}
,{"stream_name":"stderr","time":8.932479419,"data":"0.00s - make the debugger miss breakpoints. Please pass -Xfrozen_modules=off\n"}
,{"stream_name":"stderr","time":8.932486179,"data":"0.00s - to python to disable frozen modules.\n"}
,{"stream_name":"stderr","time":8.932490786,"data":"0.00s - Note: Debugging will proceed. Set PYDEVD_DISABLE_FILE_VALIDATION=1 to disable this validation.\n"}
,{"stream_name":"stdout","time":36.278392705,"data":"Device: cpu\n"}
,{"stream_name":"stderr","time":37.457262607,"data":"Warning: You are sending unauthenticated requests to the HF Hub. Please set a HF_TOKEN to enable higher rate limits and faster downloads.\n"}
,{"stream_name":"stderr","time":37.457309834,"data":"\n"}
,{"stream_name":"stderr","time":37.457315286,"data":"Warning: You are sending unauthenticated requests to the HF Hub. Please set a HF_TOKEN to enable higher rate limits and faster downloads.\n"}
,{"stream_name":"stderr","time":41.196443577,"data":"\u001b[1mBertForSequenceClassification LOAD REPORT\u001b[0m from: yiyanghkust/finbert-tone\n"}
,{"stream_name":"stderr","time":41.196495762,"data":"Key                          | Status     |  | \n"}
,{"stream_name":"stderr","time":41.196502074,"data":"-----------------------------+------------+--+-\n"}
,{"stream_name":"stderr","time":41.19650629,"data":"bert.embeddings.position_ids | UNEXPECTED |  | \n"}
,{"stream_name":"stderr","time":41.196510567,"data":"\n"}
,{"stream_name":"stderr","time":41.196514391,"data":"\u001b[3mNotes:\n"}
,{"stream_name":"stderr","time":41.196518481,"data":"- UNEXPECTED\u001b[3m\t:can be ignored when loading from different task/architecture; not ok if you expect identical arch.\u001b[0m\n"}
,{"stream_name":"stderr","time":41.196522748,"data":"\n"}
,{"stream_name":"stderr","time":41.196526504,"data":"\u001b[1mBertForSequenceClassification LOAD REPORT\u001b[0m from: yiyanghkust/finbert-tone\n"}
,{"stream_name":"stderr","time":41.196530526,"data":"Key                          | Status     |  | \n"}
,{"stream_name":"stderr","time":41.196534255,"data":"-----------------------------+------------+--+-\n"}
,{"stream_name":"stderr","time":41.196538128,"data":"bert.embeddings.position_ids | UNEXPECTED |  | \n"}
,{"stream_name":"stderr","time":41.19654204,"data":"\n"}
,{"stream_name":"stderr","time":41.196545559,"data":"\u001b[3mNotes:\n"}
,{"stream_name":"stderr","time":41.196549295,"data":"- UNEXPECTED\u001b[3m\t:can be ignored when loading from different task/architecture; not ok if you expect identical arch.\u001b[0m\n"}
,{"stream_name":"stdout","time":41.203620099,"data":"finbert-tone id2label: {0: 'Neutral', 1: 'Positive', 2: 'Negative'}\n"}
,{"stream_name":"stdout","time":45.910623509,"data":"ModernFinBERT id2label: {0: 'LABEL_0', 1: 'LABEL_1', 2: 'LABEL_2'}\n"}
,{"stream_name":"stdout","time":46.689629186,"data":"FPB 50agree: 4846 samples — Counter({1: 2879, 2: 1363, 0: 604})\n"}
,{"stream_name":"stdout","time":46.689684546,"data":"FPB allAgree: 2264 samples — Counter({1: 1391, 2: 570, 0: 303})\n"}
,{"stream_name":"stdout","time":46.890274496,"data":"finbert-tone label_map: {0: 1, 1: 2, 2: 0}\n"}
,{"stream_name":"stdout","time":46.89031652,"data":"\n"}
,{"stream_name":"stdout","time":46.890322304,"data":"Running inference on FPB 50agree...\n"}
,{"stream_name":"stdout","time":5497.169910529,"data":"Running inference on FPB allAgree...\n"}
,{"stream_name":"stdout","time":8070.861272249,"data":"Done.\n"}
,{"stream_name":"stdout","time":8070.945443337,"data":"======================================================================\n"}
,{"stream_name":"stdout","time":8070.945513352,"data":"FPB sentences_50agree (4,846 samples)\n"}
,{"stream_name":"stdout","time":8070.945522227,"data":"======================================================================\n"}
,{"stream_name":"stdout","time":8070.945529205,"data":"\n"}
,{"stream_name":"stdout","time":8070.945535462,"data":"============================================================\n"}
,{"stream_name":"stdout","time":8070.945541222,"data":"finbert-tone (zero-shot): Accuracy=0.7914, Macro F1=0.7530\n"}
,{"stream_name":"stdout","time":8070.945546801,"data":"============================================================\n"}
,{"stream_name":"stdout","time":8070.945552425,"data":"              precision    recall  f1-score   support\n"}
,{"stream_name":"stdout","time":8070.945558137,"data":"\n"}
,{"stream_name":"stdout","time":8070.945569403,"data":"    negative     0.7910    0.6705    0.7258       604\n"}
,{"stream_name":"stdout","time":8070.945573632,"data":"     neutral     0.7969    0.8979    0.8444      2879\n"}
,{"stream_name":"stdout","time":8070.945577472,"data":"    positive     0.7752    0.6200    0.6890      1363\n"}
,{"stream_name":"stdout","time":8070.945581228,"data":"\n"}
,{"stream_name":"stdout","time":8070.94558478,"data":"    accuracy                         0.7914      4846\n"}
,{"stream_name":"stdout","time":8070.945588943,"data":"   macro avg     0.7877    0.7295    0.7530      4846\n"}
,{"stream_name":"stdout","time":8070.945592678,"data":"weighted avg     0.7900    0.7914    0.7859      4846\n"}
,{"stream_name":"stdout","time":8070.94559703,"data":"\n"}
,{"stream_name":"stdout","time":8070.945618155,"data":"\n"}
,{"stream_name":"stdout","time":8070.945624767,"data":"============================================================\n"}
,{"stream_name":"stdout","time":8070.945631231,"data":"ModernFinBERT (held-out): Accuracy=0.9713, Macro F1=0.9671\n"}
,{"stream_name":"stdout","time":8070.945637852,"data":"============================================================\n"}
,{"stream_name":"stdout","time":8070.945643628,"data":"              precision    recall  f1-score   support\n"}
,{"stream_name":"stdout","time":8070.94564929,"data":"\n"}
,{"stream_name":"stdout","time":8070.945654504,"data":"    negative     0.9511    0.9669    0.9589       604\n"}
,{"stream_name":"stdout","time":8070.945660006,"data":"     neutral     0.9784    0.9750    0.9767      2879\n"}
,{"stream_name":"stdout","time":8070.945665416,"data":"    positive     0.9655    0.9655    0.9655      1363\n"}
,{"stream_name":"stdout","time":8070.945670896,"data":"\n"}
,{"stream_name":"stdout","time":8070.945676265,"data":"    accuracy                         0.9713      4846\n"}
,{"stream_name":"stdout","time":8070.945720538,"data":"   macro avg     0.9650    0.9691    0.9671      4846\n"}
,{"stream_name":"stdout","time":8070.945726681,"data":"weighted avg     0.9714    0.9713    0.9713      4846\n"}
,{"stream_name":"stdout","time":8070.945731405,"data":"\n"}
,{"stream_name":"stdout","time":8070.945736409,"data":"\n"}
,{"stream_name":"stdout","time":8070.945740994,"data":"\u003e\u003e\u003e Gap (MFB - FT): Acc=+0.1799, F1=+0.2140\n"}
,{"stream_name":"stdout","time":8070.94574569,"data":"\n"}
,{"stream_name":"stdout","time":8070.945749908,"data":"======================================================================\n"}
,{"stream_name":"stdout","time":8070.945754079,"data":"FPB sentences_allAgree (2,264 samples)\n"}
,{"stream_name":"stdout","time":8070.945758211,"data":"======================================================================\n"}
,{"stream_name":"stdout","time":8070.945762468,"data":"\n"}
,{"stream_name":"stdout","time":8070.945766485,"data":"============================================================\n"}
,{"stream_name":"stdout","time":8070.945770782,"data":"finbert-tone (zero-shot): Accuracy=0.9152, Macro F1=0.8939\n"}
,{"stream_name":"stdout","time":8070.945774927,"data":"============================================================\n"}
,{"stream_name":"stdout","time":8070.945779124,"data":"              precision    recall  f1-score   support\n"}
,{"stream_name":"stdout","time":8070.945783328,"data":"\n"}
,{"stream_name":"stdout","time":8070.945787272,"data":"    negative     0.8878    0.8878    0.8878       303\n"}
,{"stream_name":"stdout","time":8070.9457915,"data":"     neutral     0.9134    0.9784    0.9448      1391\n"}
,{"stream_name":"stdout","time":8070.945795889,"data":"    positive     0.9384    0.7754    0.8492       570\n"}
,{"stream_name":"stdout","time":8070.945806242,"data":"\n"}
,{"stream_name":"stdout","time":8070.945823592,"data":"    accuracy                         0.9152      2264\n"}
,{"stream_name":"stdout","time":8070.945828732,"data":"   macro avg     0.9132    0.8806    0.8939      2264\n"}
,{"stream_name":"stdout","time":8070.945835318,"data":"weighted avg     0.9163    0.9152    0.9131      2264\n"}
,{"stream_name":"stdout","time":8070.945840462,"data":"\n"}
,{"stream_name":"stdout","time":8070.945862854,"data":"\n"}
,{"stream_name":"stdout","time":8070.945867666,"data":"============================================================\n"}
,{"stream_name":"stdout","time":8070.945871872,"data":"ModernFinBERT (held-out): Accuracy=0.9969, Macro F1=0.9956\n"}
,{"stream_name":"stdout","time":8070.945875878,"data":"============================================================\n"}
,{"stream_name":"stdout","time":8070.945880096,"data":"              precision    recall  f1-score   support\n"}
,{"stream_name":"stdout","time":8070.945884347,"data":"\n"}
,{"stream_name":"stdout","time":8070.945888215,"data":"    negative     0.9902    0.9967    0.9934       303\n"}
,{"stream_name":"stdout","time":8070.945892384,"data":"     neutral     0.9993    0.9978    0.9986      1391\n"}
,{"stream_name":"stdout","time":8070.945896456,"data":"    positive     0.9947    0.9947    0.9947       570\n"}
,{"stream_name":"stdout","time":8070.945900599,"data":"\n"}
,{"stream_name":"stdout","time":8070.94590461,"data":"    accuracy                         0.9969      2264\n"}
,{"stream_name":"stdout","time":8070.945909332,"data":"   macro avg     0.9947    0.9964    0.9956      2264\n"}
,{"stream_name":"stdout","time":8070.945914012,"data":"weighted avg     0.9969    0.9969    0.9969      2264\n"}
,{"stream_name":"stdout","time":8070.945919729,"data":"\n"}
,{"stream_name":"stdout","time":8070.945930536,"data":"\n"}
,{"stream_name":"stdout","time":8070.945934839,"data":"\u003e\u003e\u003e Gap (MFB - FT): Acc=+0.0817, F1=+0.1016\n"}
,{"stream_name":"stdout","time":8071.853196469,"data":"Sentence-level agreement:\n"}
,{"stream_name":"stdout","time":8071.853232925,"data":"  both_right:  3782 — both models correct\n"}
,{"stream_name":"stdout","time":8071.853242309,"data":"  both_wrong:  86 — neither model correct\n"}
,{"stream_name":"stdout","time":8071.853251078,"data":"  ft_only:     53 — finbert-tone right, MFB wrong\n"}
,{"stream_name":"stdout","time":8071.853254256,"data":"  mfb_only:    925 — MFB right, finbert-tone wrong\n"}
,{"stream_name":"stdout","time":8071.853257309,"data":"\n"}
,{"stream_name":"stdout","time":8071.853260009,"data":"MFB unique advantage: +872 sentences\n"}
,{"stream_name":"stdout","time":8071.917758431,"data":"Per-class accuracy:\n"}
,{"stream_name":"stdout","time":8071.917813114,"data":"    negative (n= 604): FT=0.6705  MFB=0.9669  delta=+0.2964\n"}
,{"stream_name":"stdout","time":8071.917820037,"data":"     neutral (n=2879): FT=0.8979  MFB=0.9750  delta=+0.0771\n"}
,{"stream_name":"stdout","time":8071.917824533,"data":"    positive (n=1363): FT=0.6200  MFB=0.9655  delta=+0.3456\n"}
,{"stream_name":"stdout","time":8071.917828904,"data":"\n"}
,{"stream_name":"stdout","time":8071.917902456,"data":"Accuracy by text length:\n"}
,{"stream_name":"stdout","time":8071.917907574,"data":"       short (n=1195): FT=0.8561  MFB=0.9791  delta=+0.1230\n"}
,{"stream_name":"stdout","time":8071.917911857,"data":"      medium (n=1931): FT=0.7804  MFB=0.9751  delta=+0.1947\n"}
,{"stream_name":"stdout","time":8071.917918177,"data":"        long (n=1401): FT=0.7695  MFB=0.9607  delta=+0.1913\n"}
,{"stream_name":"stdout","time":8071.917924662,"data":"   very_long (n= 319): FT=0.7116  MFB=0.9655  delta=+0.2539\n"}
,{"stream_name":"stdout","time":8071.968412183,"data":"\n"}
,{"stream_name":"stdout","time":8071.968453327,"data":"finbert-tone — accuracy by confidence quartile:\n"}
,{"stream_name":"stdout","time":8071.968461213,"data":"  Q1: acc=0.5965, mean_conf=0.8919, n=1212\n"}
,{"stream_name":"stdout","time":8071.968465947,"data":"  Q2: acc=0.7432, mean_conf=0.9994, n=1211\n"}
,{"stream_name":"stdout","time":8071.96847016,"data":"  Q3: acc=0.8924, mean_conf=1.0000, n=1217\n"}
,{"stream_name":"stdout","time":8071.968474737,"data":"  Q4: acc=0.9337, mean_conf=1.0000, n=1206\n"}
,{"stream_name":"stdout","time":8071.968480165,"data":"\n"}
,{"stream_name":"stdout","time":8071.96848428,"data":"ModernFinBERT — accuracy by confidence quartile:\n"}
,{"stream_name":"stdout","time":8071.968488441,"data":"  Q1: acc=0.9033, mean_conf=0.9256, n=1241\n"}
,{"stream_name":"stdout","time":8071.96849274,"data":"  Q2: acc=0.9868, mean_conf=0.9987, n=1285\n"}
,{"stream_name":"stdout","time":8071.968496877,"data":"  Q3: acc=0.9991, mean_conf=1.0000, n=2320\n"}
,{"stream_name":"stdout","time":8072.008521086,"data":"================================================================================\n"}
,{"stream_name":"stdout","time":8072.008557855,"data":"finbert-tone CORRECT, ModernFinBERT WRONG:\n"}
,{"stream_name":"stdout","time":8072.008563879,"data":"================================================================================\n"}
,{"stream_name":"stdout","time":8072.008624352,"data":"\n"}
,{"stream_name":"stdout","time":8072.008647449,"data":"  Text: Jun. 14 , 2009 ( AOL Weblogs delivered by Newstex ) -- Looks like the E71 is about to be upstaged as Nokia 's ( NYSE : N...\n"}
,{"stream_name":"stdout","time":8072.008654272,"data":"  True: neutral | FT: neutral ok | MFB: positive X\n"}
,{"stream_name":"stdout","time":8072.008679423,"data":"\n"}
,{"stream_name":"stdout","time":8072.008684079,"data":"  Text: Neste Oil will offer outplacement services to the 111 employees to be reduced ....\n"}
,{"stream_name":"stdout","time":8072.00868844,"data":"  True: neutral | FT: neutral ok | MFB: negative X\n"}
,{"stream_name":"stdout","time":8072.008692612,"data":"\n"}
,{"stream_name":"stdout","time":8072.008697326,"data":"  Text: Temporary layoffs in these units have already started ....\n"}
,{"stream_name":"stdout","time":8072.008702833,"data":"  True: neutral | FT: neutral ok | MFB: negative X\n"}
,{"stream_name":"stdout","time":8072.008707948,"data":"\n"}
,{"stream_name":"stdout","time":8072.008717126,"data":"  Text: The newspapers of Alma Media and Arena Partners will enter a cooperation agreement on using Alma 's marketplace services...\n"}
,{"stream_name":"stdout","time":8072.00872193,"data":"  True: neutral | FT: neutral ok | MFB: positive X\n"}
,{"stream_name":"stdout","time":8072.008726239,"data":"\n"}
,{"stream_name":"stdout","time":8072.008730736,"data":"  Text: The Swedish Maritime Administration has closed the Furusund Channel , which Viking Line normally charters en route to St...\n"}
,{"stream_name":"stdout","time":8072.008736083,"data":"  True: neutral | FT: neutral ok | MFB: negative X\n"}
,{"stream_name":"stdout","time":8072.008740228,"data":"\n"}
,{"stream_name":"stdout","time":8072.008744252,"data":"  Text: TietoEnator signed an agreement to acquire Indian research and development ( R\u0026D ) services provider and turnkey softwar...\n"}
,{"stream_name":"stdout","time":8072.00874904,"data":"  True: neutral | FT: neutral ok | MFB: positive X\n"}
,{"stream_name":"stdout","time":8072.008753377,"data":"\n"}
,{"stream_name":"stdout","time":8072.008757545,"data":"  Text: HKScan is one of the leading food companies in northern Europe with homemarkets in Finland , Sweden , the Baltic countri...\n"}
,{"stream_name":"stdout","time":8072.008762216,"data":"  True: neutral | FT: neutral ok | MFB: positive X\n"}
,{"stream_name":"stdout","time":8072.008767983,"data":"\n"}
,{"stream_name":"stdout","time":8072.008781423,"data":"  Text: The board further said the company omitted to tender for a substantial part of the works and as such they had rightfully...\n"}
,{"stream_name":"stdout","time":8072.008786552,"data":"  True: neutral | FT: neutral ok | MFB: positive X\n"}
,{"stream_name":"stdout","time":8072.008792433,"data":"\n"}
,{"stream_name":"stdout","time":8072.008797576,"data":"  Text: The Finnish company Stockmann has signed the contract with the company Technopolis ....\n"}
,{"stream_name":"stdout","time":8072.008802296,"data":"  True: neutral | FT: neutral ok | MFB: positive X\n"}
,{"stream_name":"stdout","time":8072.008813814,"data":"\n"}
,{"stream_name":"stdout","time":8072.008818613,"data":"  Text: According to Olvi , the company is already negotiating new agreements ....\n"}
,{"stream_name":"stdout","time":8072.008822811,"data":"  True: neutral | FT: neutral ok | MFB: positive X\n"}
,{"stream_name":"stdout","time":8072.008827381,"data":"\n"}
,{"stream_name":"stdout","time":8072.00883209,"data":"================================================================================\n"}
,{"stream_name":"stdout","time":8072.008857401,"data":"ModernFinBERT CORRECT, finbert-tone WRONG:\n"}
,{"stream_name":"stdout","time":8072.008875104,"data":"================================================================================\n"}
,{"stream_name":"stdout","time":8072.008879987,"data":"\n"}
,{"stream_name":"stdout","time":8072.00888419,"data":"  Text: South America and Asia are other promising markets ....\n"}
,{"stream_name":"stdout","time":8072.008896762,"data":"  True: neutral | FT: positive X | MFB: neutral ok\n"}
,{"stream_name":"stdout","time":8072.008901684,"data":"\n"}
,{"stream_name":"stdout","time":8072.008906507,"data":"  Text: The one dark spot on the horizon , however , was the company 's performance in the Finnish bottled water market ....\n"}
,{"stream_name":"stdout","time":8072.008911836,"data":"  True: negative | FT: neutral X | MFB: negative ok\n"}
,{"stream_name":"stdout","time":8072.008916047,"data":"\n"}
,{"stream_name":"stdout","time":8072.008920846,"data":"  Text: Its total annual revenue comes up to about 160 mln zloty ( $ 56.9 mln-42 .3 mln euro ) ....\n"}
,{"stream_name":"stdout","time":8072.008926091,"data":"  True: neutral | FT: positive X | MFB: neutral ok\n"}
,{"stream_name":"stdout","time":8072.008931036,"data":"\n"}
,{"stream_name":"stdout","time":8072.008935007,"data":"  Text: This is due to the postponement of the decision-making of projects in the negotiation phase from the earlier estimation ...\n"}
,{"stream_name":"stdout","time":8072.008939781,"data":"  True: neutral | FT: negative X | MFB: neutral ok\n"}
,{"stream_name":"stdout","time":8072.00894451,"data":"\n"}
,{"stream_name":"stdout","time":8072.00894906,"data":"  Text: As a result of the negotiations the employment of 130 blue - and white-collar employees at the Oulu plant would be termi...\n"}
,{"stream_name":"stdout","time":8072.008954384,"data":"  True: negative | FT: neutral X | MFB: negative ok\n"}
,{"stream_name":"stdout","time":8072.008958927,"data":"\n"}
,{"stream_name":"stdout","time":8072.008962896,"data":"  Text: Biohit , Inc. , has expanded its mLINE Family of Pipettors with the addition of the NEW 1-10 ml volume range ....\n"}
,{"stream_name":"stdout","time":8072.00896808,"data":"  True: neutral | FT: positive X | MFB: neutral ok\n"}
,{"stream_name":"stdout","time":8072.008972731,"data":"\n"}
,{"stream_name":"stdout","time":8072.00897668,"data":"  Text: ( ADP News ) - Sep 30 , 2008 - Finnish security and privacy software solutions developer Stonesoft Oyj said today that i...\n"}
,{"stream_name":"stdout","time":8072.008981386,"data":"  True: positive | FT: neutral X | MFB: positive ok\n"}
,{"stream_name":"stdout","time":8072.008987158,"data":"\n"}
,{"stream_name":"stdout","time":8072.008991344,"data":"  Text: In 2005 Cargotec 's net sales exceeded EUR 2.3 billion ....\n"}
,{"stream_name":"stdout","time":8072.008995651,"data":"  True: neutral | FT: positive X | MFB: neutral ok\n"}
,{"stream_name":"stdout","time":8072.00900003,"data":"\n"}
,{"stream_name":"stdout","time":8072.009004023,"data":"  Text: Via the move , the company aims annual savings of some EUR3m , the main part of which are expected to be realized this y...\n"}
,{"stream_name":"stdout","time":8072.009008462,"data":"  True: positive | FT: neutral X | MFB: positive ok\n"}
,{"stream_name":"stdout","time":8072.009012821,"data":"\n"}
,{"stream_name":"stdout","time":8072.009016901,"data":"  Text: Bioheapleaching makes extraction of metals from low grade ore economically viable ....\n"}
,{"stream_name":"stdout","time":8072.009021502,"data":"  True: neutral | FT: positive X | MFB: neutral ok\n"}
,{"stream_name":"stderr","time":8083.555305651,"data":"Traceback (most recent call last):\n"}
,{"stream_name":"stderr","time":8083.555345828,"data":"  File \"\u003cstring\u003e\", line 1, in \u003cmodule\u003e\n"}
,{"stream_name":"stderr","time":8083.555355908,"data":"  File \"/usr/local/lib/python3.12/dist-packages/papermill/execute.py\", line 131, in execute_notebook\n"}
,{"stream_name":"stderr","time":8083.555433991,"data":"    raise_for_execution_errors(nb, output_path)\n"}
,{"stream_name":"stderr","time":8083.555574749,"data":"  File \"/usr/local/lib/python3.12/dist-packages/papermill/execute.py\", line 251, in raise_for_execution_errors\n"}
,{"stream_name":"stderr","time":8083.555873388,"data":"    raise error\n"}
,{"stream_name":"stderr","time":8083.556434347,"data":"papermill.exceptions.PapermillExecutionError: \n"}
,{"stream_name":"stderr","time":8083.556557311,"data":"---------------------------------------------------------------------------\n"}
,{"stream_name":"stderr","time":8083.556564151,"data":"Exception encountered at \"In [12]\":\n"}
,{"stream_name":"stderr","time":8083.556569658,"data":"---------------------------------------------------------------------------\n"}
,{"stream_name":"stderr","time":8083.556589261,"data":"KeyError                                  Traceback (most recent call last)\n"}
,{"stream_name":"stderr","time":8083.556595514,"data":"/tmp/ipykernel_17/2598847894.py in \u003ccell line: 0\u003e()\n"}
,{"stream_name":"stderr","time":8083.556602469,"data":"     74     return {\"accuracy\": acc, \"macro_f1\": f1, \"report\": report}\n"}
,{"stream_name":"stderr","time":8083.556608547,"data":"     75 \n"}
,{"stream_name":"stderr","time":8083.556627639,"data":"---\u003e 76 train_texts, train_labels, val_texts, val_labels = load_aggregated_data()\n"}
,{"stream_name":"stderr","time":8083.556633443,"data":"     77 print(f\"Training data: {len(train_texts)} samples\")\n"}
,{"stream_name":"stderr","time":8083.556639207,"data":"     78 print(f\"Validation data: {len(val_texts)} samples\")\n"}
,{"stream_name":"stderr","time":8083.556644684,"data":"\n"}
,{"stream_name":"stderr","time":8083.556650148,"data":"/tmp/ipykernel_17/2598847894.py in load_aggregated_data(exclude_fpb)\n"}
,{"stream_name":"stderr","time":8083.55665543,"data":"     21         return texts, labels\n"}
,{"stream_name":"stderr","time":8083.556661259,"data":"     22     train_texts, train_labels = process_split(ds[\"train\"])\n"}
,{"stream_name":"stderr","time":8083.55666675,"data":"---\u003e 23     val_texts, val_labels = process_split(ds[\"dev\"])\n"}
,{"stream_name":"stderr","time":8083.556672377,"data":"     24     return train_texts, train_labels, val_texts, val_labels\n"}
,{"stream_name":"stderr","time":8083.556677602,"data":"     25 \n"}
,{"stream_name":"stderr","time":8083.556682823,"data":"\n"}
,{"stream_name":"stderr","time":8083.556687691,"data":"/usr/local/lib/python3.12/dist-packages/datasets/dataset_dict.py in __getitem__(self, k)\n"}
,{"stream_name":"stderr","time":8083.556693368,"data":"     80     def __getitem__(self, k) -\u003e Dataset:\n"}
,{"stream_name":"stderr","time":8083.556698705,"data":"     81         if isinstance(k, (str, NamedSplit)) or len(self) == 0:\n"}
,{"stream_name":"stderr","time":8083.556704418,"data":"---\u003e 82             return super().__getitem__(k)\n"}
,{"stream_name":"stderr","time":8083.556725939,"data":"     83         else:\n"}
,{"stream_name":"stderr","time":8083.556731331,"data":"     84             available_suggested_splits = [\n"}
,{"stream_name":"stderr","time":8083.556737105,"data":"\n"}
,{"stream_name":"stderr","time":8083.55674247,"data":"KeyError: 'dev'\n"}
,{"stream_name":"stderr","time":8083.556748033,"data":"\n"}
,{"stream_name":"stderr","time":8086.526664313,"data":"/usr/local/lib/python3.12/dist-packages/mistune.py:435: SyntaxWarning: invalid escape sequence '\\|'\n"}
,{"stream_name":"stderr","time":8086.526706054,"data":"  cells[i][c] = re.sub('\\\\\\\\\\|', '|', cell)\n"}
,{"stream_name":"stderr","time":8086.730040595,"data":"/usr/local/lib/python3.12/dist-packages/nbconvert/filters/filter_links.py:36: SyntaxWarning: invalid escape sequence '\\_'\n"}
,{"stream_name":"stderr","time":8086.730100307,"data":"  text = re.sub(r'_', '\\_', text) # Escape underscores in display text\n"}
,{"stream_name":"stderr","time":8087.451334478,"data":"/usr/local/lib/python3.12/dist-packages/traitlets/traitlets.py:2915: FutureWarning: --Exporter.preprocessors=[\"remove_papermill_header.RemovePapermillHeader\"] for containers is deprecated in traitlets 5.0. You can pass `--Exporter.preprocessors item` ... multiple times to add items to a list.\n"}
,{"stream_name":"stderr","time":8087.451373185,"data":"  warn(\n"}
,{"stream_name":"stderr","time":8087.493599442,"data":"[NbConvertApp] Converting notebook __notebook__.ipynb to notebook\n"}
,{"stream_name":"stderr","time":8087.958797748,"data":"[NbConvertApp] Writing 338250 bytes to __notebook__.ipynb\n"}
,{"stream_name":"stderr","time":8091.038991591,"data":"/usr/local/lib/python3.12/dist-packages/traitlets/traitlets.py:2915: FutureWarning: --Exporter.preprocessors=[\"nbconvert.preprocessors.ExtractOutputPreprocessor\"] for containers is deprecated in traitlets 5.0. You can pass `--Exporter.preprocessors item` ... multiple times to add items to a list.\n"}
,{"stream_name":"stderr","time":8091.039928753,"data":"  warn(\n"}
,{"stream_name":"stderr","time":8091.07499183,"data":"[NbConvertApp] Converting notebook __notebook__.ipynb to html\n"}
,{"stream_name":"stderr","time":8092.383979037,"data":"[NbConvertApp] Support files will be in __results___files/\n"}
,{"stream_name":"stderr","time":8092.384038968,"data":"[NbConvertApp] Making directory __results___files\n"}
,{"stream_name":"stderr","time":8092.384524614,"data":"[NbConvertApp] Writing 600020 bytes to __results__.html\n"}
]