[{"stream_name":"stderr","time":7.910438833,"data":"/usr/local/lib/python3.12/dist-packages/nbformat/__init__.py:96: MissingIDFieldWarning: Cell is missing an id field, this will become a hard error in future nbformat versions. You may want to use `normalize()` on your notebooks before validations (available since nbformat 5.1.4). Previous versions of nbformat are fixing this issue transparently, and will stop doing so in the future.\n"}
,{"stream_name":"stderr","time":7.910502942,"data":"  validate(nb)\n"}
,{"stream_name":"stderr","time":9.235143375,"data":"0.00s - Debugger warning: It seems that frozen modules are being used, which may\n"}
,{"stream_name":"stderr","time":9.235182899,"data":"0.00s - make the debugger miss breakpoints. Please pass -Xfrozen_modules=off\n"}
,{"stream_name":"stderr","time":9.235189623,"data":"0.00s - to python to disable frozen modules.\n"}
,{"stream_name":"stderr","time":9.235194305,"data":"0.00s - Note: Debugging will proceed. Set PYDEVD_DISABLE_FILE_VALIDATION=1 to disable this validation.\n"}
,{"stream_name":"stderr","time":10.078264962,"data":"0.00s - Debugger warning: It seems that frozen modules are being used, which may\n"}
,{"stream_name":"stderr","time":10.078316995,"data":"0.00s - make the debugger miss breakpoints. Please pass -Xfrozen_modules=off\n"}
,{"stream_name":"stderr","time":10.078323528,"data":"0.00s - to python to disable frozen modules.\n"}
,{"stream_name":"stderr","time":10.078328513,"data":"0.00s - Note: Debugging will proceed. Set PYDEVD_DISABLE_FILE_VALIDATION=1 to disable this validation.\n"}
,{"stream_name":"stdout","time":41.659747749,"data":"Device: cpu\n"}
,{"stream_name":"stderr","time":42.364790256,"data":"Warning: You are sending unauthenticated requests to the HF Hub. Please set a HF_TOKEN to enable higher rate limits and faster downloads.\n"}
,{"stream_name":"stderr","time":42.364847019,"data":"\n"}
,{"stream_name":"stderr","time":42.364855307,"data":"Warning: You are sending unauthenticated requests to the HF Hub. Please set a HF_TOKEN to enable higher rate limits and faster downloads.\n"}
,{"stream_name":"stderr","time":46.890465504,"data":"\u001b[1mBertForSequenceClassification LOAD REPORT\u001b[0m from: yiyanghkust/finbert-tone\n"}
,{"stream_name":"stderr","time":46.890519339,"data":"Key                          | Status     |  | \n"}
,{"stream_name":"stderr","time":46.890525085,"data":"-----------------------------+------------+--+-\n"}
,{"stream_name":"stderr","time":46.890528986,"data":"bert.embeddings.position_ids | UNEXPECTED |  | \n"}
,{"stream_name":"stderr","time":46.890532917,"data":"\n"}
,{"stream_name":"stderr","time":46.890536465,"data":"\u001b[3mNotes:\n"}
,{"stream_name":"stderr","time":46.890540656,"data":"- UNEXPECTED\u001b[3m\t:can be ignored when loading from different task/architecture; not ok if you expect identical arch.\u001b[0m\n"}
,{"stream_name":"stderr","time":46.890544904,"data":"\n"}
,{"stream_name":"stderr","time":46.89054852,"data":"\u001b[1mBertForSequenceClassification LOAD REPORT\u001b[0m from: yiyanghkust/finbert-tone\n"}
,{"stream_name":"stderr","time":46.890552284,"data":"Key                          | Status     |  | \n"}
,{"stream_name":"stderr","time":46.890555954,"data":"-----------------------------+------------+--+-\n"}
,{"stream_name":"stderr","time":46.890559547,"data":"bert.embeddings.position_ids | UNEXPECTED |  | \n"}
,{"stream_name":"stderr","time":46.890563092,"data":"\n"}
,{"stream_name":"stderr","time":46.890566486,"data":"\u001b[3mNotes:\n"}
,{"stream_name":"stderr","time":46.890570254,"data":"- UNEXPECTED\u001b[3m\t:can be ignored when loading from different task/architecture; not ok if you expect identical arch.\u001b[0m\n"}
,{"stream_name":"stdout","time":46.896759676,"data":"finbert-tone id2label: {0: 'Neutral', 1: 'Positive', 2: 'Negative'}\n"}
,{"stream_name":"stdout","time":54.914289823,"data":"ModernFinBERT id2label: {0: 'LABEL_0', 1: 'LABEL_1', 2: 'LABEL_2'}\n"}
,{"stream_name":"stderr","time":54.9362348,"data":"`trust_remote_code` is not supported anymore.\n"}
,{"stream_name":"stderr","time":54.936416662,"data":"Please check that the Hugging Face dataset 'financial_phrasebank' isn't based on a loading script and remove `trust_remote_code`.\n"}
,{"stream_name":"stderr","time":54.936429755,"data":"If the dataset is based on a loading script, please ask the dataset author to remove it and convert it to a standard format like Parquet.\n"}
,{"stream_name":"stderr","time":54.936436063,"data":"\n"}
,{"stream_name":"stderr","time":54.936441314,"data":"`trust_remote_code` is not supported anymore.\n"}
,{"stream_name":"stderr","time":54.936446692,"data":"Please check that the Hugging Face dataset 'financial_phrasebank' isn't based on a loading script and remove `trust_remote_code`.\n"}
,{"stream_name":"stderr","time":54.93645263,"data":"If the dataset is based on a loading script, please ask the dataset author to remove it and convert it to a standard format like Parquet.\n"}
,{"stream_name":"stderr","time":57.368151235,"data":"Traceback (most recent call last):\n"}
,{"stream_name":"stderr","time":57.36828392,"data":"  File \"\u003cstring\u003e\", line 1, in \u003cmodule\u003e\n"}
,{"stream_name":"stderr","time":57.368299608,"data":"  File \"/usr/local/lib/python3.12/dist-packages/papermill/execute.py\", line 131, in execute_notebook\n"}
,{"stream_name":"stderr","time":57.368336952,"data":"    raise_for_execution_errors(nb, output_path)\n"}
,{"stream_name":"stderr","time":57.368418114,"data":"  File \"/usr/local/lib/python3.12/dist-packages/papermill/execute.py\", line 251, in raise_for_execution_errors\n"}
,{"stream_name":"stderr","time":57.368716436,"data":"    raise error\n"}
,{"stream_name":"stderr","time":57.369239057,"data":"papermill.exceptions.PapermillExecutionError: \n"}
,{"stream_name":"stderr","time":57.369256999,"data":"---------------------------------------------------------------------------\n"}
,{"stream_name":"stderr","time":57.369263528,"data":"Exception encountered at \"In [3]\":\n"}
,{"stream_name":"stderr","time":57.369269361,"data":"---------------------------------------------------------------------------\n"}
,{"stream_name":"stderr","time":57.36927607,"data":"RuntimeError                              Traceback (most recent call last)\n"}
,{"stream_name":"stderr","time":57.369281961,"data":"/tmp/ipykernel_17/3877262792.py in \u003ccell line: 0\u003e()\n"}
,{"stream_name":"stderr","time":57.369288901,"data":"----\u003e 1 fpb = load_dataset(\"financial_phrasebank\", \"sentences_50agree\", trust_remote_code=True)\n"}
,{"stream_name":"stderr","time":57.369295038,"data":"      2 fpb_all = load_dataset(\"financial_phrasebank\", \"sentences_allagree\", trust_remote_code=True)\n"}
,{"stream_name":"stderr","time":57.36930179,"data":"      3 \n"}
,{"stream_name":"stderr","time":57.369307575,"data":"      4 fpb_texts = fpb[\"train\"][\"sentence\"]\n"}
,{"stream_name":"stderr","time":57.369312864,"data":"      5 fpb_labels = np.array(fpb[\"train\"][\"label\"])\n"}
,{"stream_name":"stderr","time":57.369318113,"data":"\n"}
,{"stream_name":"stderr","time":57.369325557,"data":"/usr/local/lib/python3.12/dist-packages/datasets/load.py in load_dataset(path, name, data_dir, data_files, split, cache_dir, features, download_config, download_mode, verification_mode, keep_in_memory, save_infos, revision, token, streaming, num_proc, storage_options, **config_kwargs)\n"}
,{"stream_name":"stderr","time":57.369332352,"data":"   1390 \n"}
,{"stream_name":"stderr","time":57.369352097,"data":"   1391     # Create a dataset builder\n"}
,{"stream_name":"stderr","time":57.369356591,"data":"-\u003e 1392     builder_instance = load_dataset_builder(\n"}
,{"stream_name":"stderr","time":57.36936525,"data":"   1393         path=path,\n"}
,{"stream_name":"stderr","time":57.3693693,"data":"   1394         name=name,\n"}
,{"stream_name":"stderr","time":57.369373455,"data":"\n"}
,{"stream_name":"stderr","time":57.369377456,"data":"/usr/local/lib/python3.12/dist-packages/datasets/load.py in load_dataset_builder(path, name, data_dir, data_files, cache_dir, features, download_config, download_mode, revision, token, storage_options, **config_kwargs)\n"}
,{"stream_name":"stderr","time":57.369382503,"data":"   1130     if features is not None:\n"}
,{"stream_name":"stderr","time":57.369387097,"data":"   1131         features = _fix_for_backward_compatible_features(features)\n"}
,{"stream_name":"stderr","time":57.369391507,"data":"-\u003e 1132     dataset_module = dataset_module_factory(\n"}
,{"stream_name":"stderr","time":57.36939618,"data":"   1133         path,\n"}
,{"stream_name":"stderr","time":57.369400105,"data":"   1134         revision=revision,\n"}
,{"stream_name":"stderr","time":57.369403915,"data":"\n"}
,{"stream_name":"stderr","time":57.369407871,"data":"/usr/local/lib/python3.12/dist-packages/datasets/load.py in dataset_module_factory(path, revision, download_config, download_mode, data_dir, data_files, cache_dir, **download_kwargs)\n"}
,{"stream_name":"stderr","time":57.369412474,"data":"   1029                         f\"Couldn't find '{path}' on the Hugging Face Hub either: {type(e1).__name__}: {e1}\"\n"}
,{"stream_name":"stderr","time":57.369417338,"data":"   1030                     ) from None\n"}
,{"stream_name":"stderr","time":57.369421121,"data":"-\u003e 1031                 raise e1 from None\n"}
,{"stream_name":"stderr","time":57.3694255,"data":"   1032     else:\n"}
,{"stream_name":"stderr","time":57.369430106,"data":"   1033         raise FileNotFoundError(f\"Couldn't find any data file at {relative_to_absolute_path(path)}.\")\n"}
,{"stream_name":"stderr","time":57.369434363,"data":"\n"}
,{"stream_name":"stderr","time":57.369438059,"data":"/usr/local/lib/python3.12/dist-packages/datasets/load.py in dataset_module_factory(path, revision, download_config, download_mode, data_dir, data_files, cache_dir, **download_kwargs)\n"}
,{"stream_name":"stderr","time":57.369442415,"data":"    987                     proxies=download_config.proxies,\n"}
,{"stream_name":"stderr","time":57.369446755,"data":"    988                 )\n"}
,{"stream_name":"stderr","time":57.369451287,"data":"--\u003e 989                 raise RuntimeError(f\"Dataset scripts are no longer supported, but found {filename}\")\n"}
,{"stream_name":"stderr","time":57.369455658,"data":"    990             except EntryNotFoundError:\n"}
,{"stream_name":"stderr","time":57.369459995,"data":"    991                 # Use the infos from the parquet export except in some cases:\n"}
,{"stream_name":"stderr","time":57.369464087,"data":"\n"}
,{"stream_name":"stderr","time":57.369467839,"data":"RuntimeError: Dataset scripts are no longer supported, but found financial_phrasebank.py\n"}
,{"stream_name":"stderr","time":57.369472074,"data":"\n"}
,{"stream_name":"stderr","time":60.29503752,"data":"/usr/local/lib/python3.12/dist-packages/mistune.py:435: SyntaxWarning: invalid escape sequence '\\|'\n"}
,{"stream_name":"stderr","time":60.295079482,"data":"  cells[i][c] = re.sub('\\\\\\\\\\|', '|', cell)\n"}
,{"stream_name":"stderr","time":60.501277057,"data":"/usr/local/lib/python3.12/dist-packages/nbconvert/filters/filter_links.py:36: SyntaxWarning: invalid escape sequence '\\_'\n"}
,{"stream_name":"stderr","time":60.501386793,"data":"  text = re.sub(r'_', '\\_', text) # Escape underscores in display text\n"}
,{"stream_name":"stderr","time":61.312307818,"data":"/usr/local/lib/python3.12/dist-packages/traitlets/traitlets.py:2915: FutureWarning: --Exporter.preprocessors=[\"remove_papermill_header.RemovePapermillHeader\"] for containers is deprecated in traitlets 5.0. You can pass `--Exporter.preprocessors item` ... multiple times to add items to a list.\n"}
,{"stream_name":"stderr","time":61.31235248,"data":"  warn(\n"}
,{"stream_name":"stderr","time":61.350459709,"data":"[NbConvertApp] Converting notebook __notebook__.ipynb to notebook\n"}
,{"stream_name":"stderr","time":61.902266897,"data":"[NbConvertApp] Writing 194228 bytes to __notebook__.ipynb\n"}
,{"stream_name":"stderr","time":65.336809884,"data":"/usr/local/lib/python3.12/dist-packages/traitlets/traitlets.py:2915: FutureWarning: --Exporter.preprocessors=[\"nbconvert.preprocessors.ExtractOutputPreprocessor\"] for containers is deprecated in traitlets 5.0. You can pass `--Exporter.preprocessors item` ... multiple times to add items to a list.\n"}
,{"stream_name":"stderr","time":65.336874244,"data":"  warn(\n"}
,{"stream_name":"stderr","time":65.371323424,"data":"[NbConvertApp] Converting notebook __notebook__.ipynb to html\n"}
,{"stream_name":"stderr","time":69.695966953,"data":"[NbConvertApp] Writing 524945 bytes to __results__.html\n"}
]