[{"stream_name":"stderr","time":7.038401711,"data":"0.00s - Debugger warning: It seems that frozen modules are being used, which may\n"}
,{"stream_name":"stderr","time":7.038477781,"data":"0.00s - make the debugger miss breakpoints. Please pass -Xfrozen_modules=off\n"}
,{"stream_name":"stderr","time":7.038483898,"data":"0.00s - to python to disable frozen modules.\n"}
,{"stream_name":"stderr","time":7.038487446,"data":"0.00s - Note: Debugging will proceed. Set PYDEVD_DISABLE_FILE_VALIDATION=1 to disable this validation.\n"}
,{"stream_name":"stderr","time":7.658692122,"data":"0.00s - Debugger warning: It seems that frozen modules are being used, which may\n"}
,{"stream_name":"stderr","time":7.658728004,"data":"0.00s - make the debugger miss breakpoints. Please pass -Xfrozen_modules=off\n"}
,{"stream_name":"stderr","time":7.658732004,"data":"0.00s - to python to disable frozen modules.\n"}
,{"stream_name":"stderr","time":7.658734804,"data":"0.00s - Note: Debugging will proceed. Set PYDEVD_DISABLE_FILE_VALIDATION=1 to disable this validation.\n"}
,{"stream_name":"stderr","time":42.300806984,"data":"Warning: You are sending unauthenticated requests to the HF Hub. Please set a HF_TOKEN to enable higher rate limits and faster downloads.\n"}
,{"stream_name":"stderr","time":42.300853182,"data":"\n"}
,{"stream_name":"stderr","time":42.30085985,"data":"Warning: You are sending unauthenticated requests to the HF Hub. Please set a HF_TOKEN to enable higher rate limits and faster downloads.\n"}
,{"stream_name":"stdout","time":45.050673358,"data":"FPB sentences_50agree: 4,846 samples\n"}
,{"stream_name":"stdout","time":45.050728729,"data":"Label distribution:\n"}
,{"stream_name":"stdout","time":45.050733503,"data":"  NEGATIVE: 604 (12.5%)\n"}
,{"stream_name":"stdout","time":45.05073666,"data":"  NEUTRAL: 2879 (59.4%)\n"}
,{"stream_name":"stdout","time":45.050740274,"data":"  POSITIVE: 1363 (28.1%)\n"}
,{"stream_name":"stdout","time":45.249957567,"data":"\n"}
,{"stream_name":"stdout","time":45.249996706,"data":"============================================================\n"}
,{"stream_name":"stdout","time":45.250002547,"data":"FOLD 1/10\n"}
,{"stream_name":"stdout","time":45.250009299,"data":"Train: 4361  |  Test: 485\n"}
,{"stream_name":"stdout","time":45.250012724,"data":"============================================================\n"}
,{"stream_name":"stderr","time":45.534564925,"data":"`torch_dtype` is deprecated! Use `dtype` instead!\n"}
,{"stream_name":"stderr","time":45.53461462,"data":"\n"}
,{"stream_name":"stderr","time":45.534622912,"data":"`torch_dtype` is deprecated! Use `dtype` instead!\n"}
,{"stream_name":"stderr","time":49.245246553,"data":"\u001b[1mModernBertForSequenceClassification LOAD REPORT\u001b[0m from: answerdotai/ModernBERT-base\n"}
,{"stream_name":"stderr","time":49.245291061,"data":"Key               | Status     | \n"}
,{"stream_name":"stderr","time":49.245298614,"data":"------------------+------------+-\n"}
,{"stream_name":"stderr","time":49.245304075,"data":"decoder.bias      | UNEXPECTED | \n"}
,{"stream_name":"stderr","time":49.245308783,"data":"classifier.weight | MISSING    | \n"}
,{"stream_name":"stderr","time":49.245313443,"data":"classifier.bias   | MISSING    | \n"}
,{"stream_name":"stderr","time":49.245320429,"data":"\n"}
,{"stream_name":"stderr","time":49.245324903,"data":"\u001b[3mNotes:\n"}
,{"stream_name":"stderr","time":49.245328417,"data":"- UNEXPECTED\u001b[3m\t:can be ignored when loading from different task/architecture; not ok if you expect identical arch.\n"}
,{"stream_name":"stderr","time":49.24533194,"data":"- MISSING\u001b[3m\t:those params were newly initialized because missing from the checkpoint. Consider training on your downstream task.\u001b[0m\n"}
,{"stream_name":"stderr","time":49.245349025,"data":"\n"}
,{"stream_name":"stderr","time":49.245351643,"data":"\u001b[1mModernBertForSequenceClassification LOAD REPORT\u001b[0m from: answerdotai/ModernBERT-base\n"}
,{"stream_name":"stderr","time":49.245354219,"data":"Key               | Status     | \n"}
,{"stream_name":"stderr","time":49.245356574,"data":"------------------+------------+-\n"}
,{"stream_name":"stderr","time":49.245359051,"data":"decoder.bias      | UNEXPECTED | \n"}
,{"stream_name":"stderr","time":49.245361423,"data":"classifier.weight | MISSING    | \n"}
,{"stream_name":"stderr","time":49.245363733,"data":"classifier.bias   | MISSING    | \n"}
,{"stream_name":"stderr","time":49.245366091,"data":"\n"}
,{"stream_name":"stderr","time":49.245369251,"data":"\u001b[3mNotes:\n"}
,{"stream_name":"stderr","time":49.245372921,"data":"- UNEXPECTED\u001b[3m\t:can be ignored when loading from different task/architecture; not ok if you expect identical arch.\n"}
,{"stream_name":"stderr","time":49.245378718,"data":"- MISSING\u001b[3m\t:those params were newly initialized because missing from the checkpoint. Consider training on your downstream task.\u001b[0m\n"}
,{"stream_name":"stdout","time":53.231557989,"data":"trainable params: 3,381,507 || all params: 152,988,678 || trainable%: 2.2103\n"}
,{"stream_name":"stderr","time":53.721408967,"data":"The tokenizer has new PAD/BOS/EOS tokens that differ from the model config and generation config. The model config and generation config were aligned accordingly, being updated with the tokenizer's values. Updated tokens: {'eos_token_id': None, 'bos_token_id': None}.\n"}
,{"stream_name":"stderr","time":53.721443061,"data":"\n"}
,{"stream_name":"stderr","time":53.721447694,"data":"The tokenizer has new PAD/BOS/EOS tokens that differ from the model config and generation config. The model config and generation config were aligned accordingly, being updated with the tokenizer's values. Updated tokens: {'eos_token_id': None, 'bos_token_id': None}.\n"}
,{"stream_name":"stdout","time":709.196313292,"data":"\n"}
,{"stream_name":"stdout","time":709.19638209,"data":"Fold 1 — Accuracy: 0.8639  Macro F1: 0.8438\n"}
,{"stream_name":"stdout","time":709.196389926,"data":"              precision    recall  f1-score   support\n"}
,{"stream_name":"stdout","time":709.196393324,"data":"\n"}
,{"stream_name":"stdout","time":709.196396403,"data":"    NEGATIVE       0.84      0.80      0.82        61\n"}
,{"stream_name":"stdout","time":709.19639987,"data":"     NEUTRAL       0.88      0.91      0.90       288\n"}
,{"stream_name":"stdout","time":709.196402943,"data":"    POSITIVE       0.83      0.79      0.81       136\n"}
,{"stream_name":"stdout","time":709.19640625,"data":"\n"}
,{"stream_name":"stdout","time":709.196409142,"data":"    accuracy                           0.86       485\n"}
,{"stream_name":"stdout","time":709.196412205,"data":"   macro avg       0.85      0.84      0.84       485\n"}
,{"stream_name":"stdout","time":709.1964154,"data":"weighted avg       0.86      0.86      0.86       485\n"}
,{"stream_name":"stdout","time":709.196418774,"data":"\n"}
,{"stream_name":"stdout","time":709.196421617,"data":"\n"}
,{"stream_name":"stdout","time":709.19642446,"data":"============================================================\n"}
,{"stream_name":"stdout","time":709.196427483,"data":"FOLD 2/10\n"}
,{"stream_name":"stdout","time":709.196430592,"data":"Train: 4361  |  Test: 485\n"}
,{"stream_name":"stdout","time":709.196433558,"data":"============================================================\n"}
,{"stream_name":"stderr","time":709.811268186,"data":"\u001b[1mModernBertForSequenceClassification LOAD REPORT\u001b[0m from: answerdotai/ModernBERT-base\n"}
,{"stream_name":"stderr","time":709.811307157,"data":"Key               | Status     | \n"}
,{"stream_name":"stderr","time":709.811311919,"data":"------------------+------------+-\n"}
,{"stream_name":"stderr","time":709.811315536,"data":"decoder.bias      | UNEXPECTED | \n"}
,{"stream_name":"stderr","time":709.811320705,"data":"classifier.weight | MISSING    | \n"}
,{"stream_name":"stderr","time":709.81132401,"data":"classifier.bias   | MISSING    | \n"}
,{"stream_name":"stderr","time":709.81132656,"data":"\n"}
,{"stream_name":"stderr","time":709.811328772,"data":"\u001b[3mNotes:\n"}
,{"stream_name":"stderr","time":709.811331421,"data":"- UNEXPECTED\u001b[3m\t:can be ignored when loading from different task/architecture; not ok if you expect identical arch.\n"}
,{"stream_name":"stderr","time":709.811333991,"data":"- MISSING\u001b[3m\t:those params were newly initialized because missing from the checkpoint. Consider training on your downstream task.\u001b[0m\n"}
,{"stream_name":"stderr","time":709.811336612,"data":"\n"}
,{"stream_name":"stderr","time":709.81133875,"data":"\u001b[1mModernBertForSequenceClassification LOAD REPORT\u001b[0m from: answerdotai/ModernBERT-base\n"}
,{"stream_name":"stderr","time":709.811341177,"data":"Key               | Status     | \n"}
,{"stream_name":"stderr","time":709.811343403,"data":"------------------+------------+-\n"}
,{"stream_name":"stderr","time":709.811345653,"data":"decoder.bias      | UNEXPECTED | \n"}
,{"stream_name":"stderr","time":709.811347817,"data":"classifier.weight | MISSING    | \n"}
,{"stream_name":"stderr","time":709.811349969,"data":"classifier.bias   | MISSING    | \n"}
,{"stream_name":"stderr","time":709.81135213,"data":"\n"}
,{"stream_name":"stderr","time":709.811354302,"data":"\u001b[3mNotes:\n"}
,{"stream_name":"stderr","time":709.81135652,"data":"- UNEXPECTED\u001b[3m\t:can be ignored when loading from different task/architecture; not ok if you expect identical arch.\n"}
,{"stream_name":"stderr","time":709.811359153,"data":"- MISSING\u001b[3m\t:those params were newly initialized because missing from the checkpoint. Consider training on your downstream task.\u001b[0m\n"}
,{"stream_name":"stderr","time":712.320286261,"data":"The tokenizer has new PAD/BOS/EOS tokens that differ from the model config and generation config. The model config and generation config were aligned accordingly, being updated with the tokenizer's values. Updated tokens: {'eos_token_id': None, 'bos_token_id': None}.\n"}
,{"stream_name":"stderr","time":712.3203204,"data":"\n"}
,{"stream_name":"stderr","time":712.320324841,"data":"The tokenizer has new PAD/BOS/EOS tokens that differ from the model config and generation config. The model config and generation config were aligned accordingly, being updated with the tokenizer's values. Updated tokens: {'eos_token_id': None, 'bos_token_id': None}.\n"}
,{"stream_name":"stdout","time":1384.154940597,"data":"\n"}
,{"stream_name":"stdout","time":1384.154984589,"data":"Fold 2 — Accuracy: 0.8866  Macro F1: 0.8765\n"}
,{"stream_name":"stdout","time":1384.154990256,"data":"              precision    recall  f1-score   support\n"}
,{"stream_name":"stdout","time":1384.154993594,"data":"\n"}
,{"stream_name":"stdout","time":1384.154996528,"data":"    NEGATIVE       0.86      0.92      0.89        61\n"}
,{"stream_name":"stdout","time":1384.154999964,"data":"     NEUTRAL       0.90      0.93      0.91       288\n"}
,{"stream_name":"stdout","time":1384.15500433,"data":"    POSITIVE       0.88      0.79      0.83       136\n"}
,{"stream_name":"stdout","time":1384.155026633,"data":"\n"}
,{"stream_name":"stdout","time":1384.155031246,"data":"    accuracy                           0.89       485\n"}
,{"stream_name":"stdout","time":1384.155035345,"data":"   macro avg       0.88      0.88      0.88       485\n"}
,{"stream_name":"stdout","time":1384.155039285,"data":"weighted avg       0.89      0.89      0.89       485\n"}
,{"stream_name":"stdout","time":1384.155042717,"data":"\n"}
,{"stream_name":"stdout","time":1384.155045864,"data":"\n"}
,{"stream_name":"stdout","time":1384.155049029,"data":"============================================================\n"}
,{"stream_name":"stdout","time":1384.155052517,"data":"FOLD 3/10\n"}
,{"stream_name":"stdout","time":1384.15505578,"data":"Train: 4361  |  Test: 485\n"}
,{"stream_name":"stdout","time":1384.155059362,"data":"============================================================\n"}
,{"stream_name":"stderr","time":1384.784644961,"data":"\u001b[1mModernBertForSequenceClassification LOAD REPORT\u001b[0m from: answerdotai/ModernBERT-base\n"}
,{"stream_name":"stderr","time":1384.784692007,"data":"Key               | Status     | \n"}
,{"stream_name":"stderr","time":1384.784698217,"data":"------------------+------------+-\n"}
,{"stream_name":"stderr","time":1384.784702663,"data":"decoder.bias      | UNEXPECTED | \n"}
,{"stream_name":"stderr","time":1384.784706303,"data":"classifier.weight | MISSING    | \n"}
,{"stream_name":"stderr","time":1384.784710658,"data":"classifier.bias   | MISSING    | \n"}
,{"stream_name":"stderr","time":1384.784714872,"data":"\n"}
,{"stream_name":"stderr","time":1384.784719232,"data":"\u001b[3mNotes:\n"}
,{"stream_name":"stderr","time":1384.784723123,"data":"- UNEXPECTED\u001b[3m\t:can be ignored when loading from different task/architecture; not ok if you expect identical arch.\n"}
,{"stream_name":"stderr","time":1384.784727711,"data":"- MISSING\u001b[3m\t:those params were newly initialized because missing from the checkpoint. Consider training on your downstream task.\u001b[0m\n"}
,{"stream_name":"stderr","time":1384.784732269,"data":"\n"}
,{"stream_name":"stderr","time":1384.784736057,"data":"\u001b[1mModernBertForSequenceClassification LOAD REPORT\u001b[0m from: answerdotai/ModernBERT-base\n"}
,{"stream_name":"stderr","time":1384.784740195,"data":"Key               | Status     | \n"}
,{"stream_name":"stderr","time":1384.78474423,"data":"------------------+------------+-\n"}
,{"stream_name":"stderr","time":1384.784748763,"data":"decoder.bias      | UNEXPECTED | \n"}
,{"stream_name":"stderr","time":1384.784751621,"data":"classifier.weight | MISSING    | \n"}
,{"stream_name":"stderr","time":1384.784754307,"data":"classifier.bias   | MISSING    | \n"}
,{"stream_name":"stderr","time":1384.784756878,"data":"\n"}
,{"stream_name":"stderr","time":1384.784759295,"data":"\u001b[3mNotes:\n"}
,{"stream_name":"stderr","time":1384.784761861,"data":"- UNEXPECTED\u001b[3m\t:can be ignored when loading from different task/architecture; not ok if you expect identical arch.\n"}
,{"stream_name":"stderr","time":1384.784764771,"data":"- MISSING\u001b[3m\t:those params were newly initialized because missing from the checkpoint. Consider training on your downstream task.\u001b[0m\n"}
,{"stream_name":"stderr","time":1387.216181403,"data":"The tokenizer has new PAD/BOS/EOS tokens that differ from the model config and generation config. The model config and generation config were aligned accordingly, being updated with the tokenizer's values. Updated tokens: {'eos_token_id': None, 'bos_token_id': None}.\n"}
,{"stream_name":"stderr","time":1387.216224456,"data":"\n"}
,{"stream_name":"stderr","time":1387.216229279,"data":"The tokenizer has new PAD/BOS/EOS tokens that differ from the model config and generation config. The model config and generation config were aligned accordingly, being updated with the tokenizer's values. Updated tokens: {'eos_token_id': None, 'bos_token_id': None}.\n"}
,{"stream_name":"stdout","time":2056.351208886,"data":"\n"}
,{"stream_name":"stdout","time":2056.351253246,"data":"Fold 3 — Accuracy: 0.8619  Macro F1: 0.8529\n"}
,{"stream_name":"stdout","time":2056.351262128,"data":"              precision    recall  f1-score   support\n"}
,{"stream_name":"stdout","time":2056.35126713,"data":"\n"}
,{"stream_name":"stdout","time":2056.351272421,"data":"    NEGATIVE       0.85      0.87      0.86        61\n"}
,{"stream_name":"stdout","time":2056.351277721,"data":"     NEUTRAL       0.91      0.87      0.89       288\n"}
,{"stream_name":"stdout","time":2056.351283023,"data":"    POSITIVE       0.78      0.84      0.81       136\n"}
,{"stream_name":"stdout","time":2056.351288546,"data":"\n"}
,{"stream_name":"stdout","time":2056.351293041,"data":"    accuracy                           0.86       485\n"}
,{"stream_name":"stdout","time":2056.351297456,"data":"   macro avg       0.85      0.86      0.85       485\n"}
,{"stream_name":"stdout","time":2056.351301926,"data":"weighted avg       0.86      0.86      0.86       485\n"}
,{"stream_name":"stdout","time":2056.351306408,"data":"\n"}
,{"stream_name":"stdout","time":2056.35131077,"data":"\n"}
,{"stream_name":"stdout","time":2056.351316777,"data":"============================================================\n"}
,{"stream_name":"stdout","time":2056.351320167,"data":"FOLD 4/10\n"}
,{"stream_name":"stdout","time":2056.351323128,"data":"Train: 4361  |  Test: 485\n"}
,{"stream_name":"stdout","time":2056.351326246,"data":"============================================================\n"}
,{"stream_name":"stderr","time":2056.946648748,"data":"\u001b[1mModernBertForSequenceClassification LOAD REPORT\u001b[0m from: answerdotai/ModernBERT-base\n"}
,{"stream_name":"stderr","time":2056.946686125,"data":"Key               | Status     | \n"}
,{"stream_name":"stderr","time":2056.946690693,"data":"------------------+------------+-\n"}
,{"stream_name":"stderr","time":2056.946694401,"data":"decoder.bias      | UNEXPECTED | \n"}
,{"stream_name":"stderr","time":2056.946697563,"data":"classifier.weight | MISSING    | \n"}
,{"stream_name":"stderr","time":2056.946701575,"data":"classifier.bias   | MISSING    | \n"}
,{"stream_name":"stderr","time":2056.94670777,"data":"\n"}
,{"stream_name":"stderr","time":2056.946712762,"data":"\u001b[3mNotes:\n"}
,{"stream_name":"stderr","time":2056.946718503,"data":"- UNEXPECTED\u001b[3m\t:can be ignored when loading from different task/architecture; not ok if you expect identical arch.\n"}
,{"stream_name":"stderr","time":2056.946724363,"data":"- MISSING\u001b[3m\t:those params were newly initialized because missing from the checkpoint. Consider training on your downstream task.\u001b[0m\n"}
,{"stream_name":"stderr","time":2056.946730185,"data":"\n"}
,{"stream_name":"stderr","time":2056.946734717,"data":"\u001b[1mModernBertForSequenceClassification LOAD REPORT\u001b[0m from: answerdotai/ModernBERT-base\n"}
,{"stream_name":"stderr","time":2056.946739653,"data":"Key               | Status     | \n"}
,{"stream_name":"stderr","time":2056.946744013,"data":"------------------+------------+-\n"}
,{"stream_name":"stderr","time":2056.946748652,"data":"decoder.bias      | UNEXPECTED | \n"}
,{"stream_name":"stderr","time":2056.946754687,"data":"classifier.weight | MISSING    | \n"}
,{"stream_name":"stderr","time":2056.946758946,"data":"classifier.bias   | MISSING    | \n"}
,{"stream_name":"stderr","time":2056.94676208,"data":"\n"}
,{"stream_name":"stderr","time":2056.946781432,"data":"\u001b[3mNotes:\n"}
,{"stream_name":"stderr","time":2056.946784075,"data":"- UNEXPECTED\u001b[3m\t:can be ignored when loading from different task/architecture; not ok if you expect identical arch.\n"}
,{"stream_name":"stderr","time":2056.946786655,"data":"- MISSING\u001b[3m\t:those params were newly initialized because missing from the checkpoint. Consider training on your downstream task.\u001b[0m\n"}
,{"stream_name":"stderr","time":2059.391334856,"data":"The tokenizer has new PAD/BOS/EOS tokens that differ from the model config and generation config. The model config and generation config were aligned accordingly, being updated with the tokenizer's values. Updated tokens: {'eos_token_id': None, 'bos_token_id': None}.\n"}
,{"stream_name":"stderr","time":2059.391367457,"data":"\n"}
,{"stream_name":"stderr","time":2059.391371562,"data":"The tokenizer has new PAD/BOS/EOS tokens that differ from the model config and generation config. The model config and generation config were aligned accordingly, being updated with the tokenizer's values. Updated tokens: {'eos_token_id': None, 'bos_token_id': None}.\n"}
,{"stream_name":"stdout","time":2728.450769051,"data":"\n"}
,{"stream_name":"stdout","time":2728.450815093,"data":"Fold 4 — Accuracy: 0.8619  Macro F1: 0.8494\n"}
,{"stream_name":"stdout","time":2728.450823499,"data":"              precision    recall  f1-score   support\n"}
,{"stream_name":"stdout","time":2728.450828752,"data":"\n"}
,{"stream_name":"stdout","time":2728.450834645,"data":"    NEGATIVE       0.89      0.82      0.85        60\n"}
,{"stream_name":"stdout","time":2728.450839741,"data":"     NEUTRAL       0.88      0.90      0.89       288\n"}
,{"stream_name":"stdout","time":2728.450845177,"data":"    POSITIVE       0.81      0.80      0.81       137\n"}
,{"stream_name":"stdout","time":2728.450849609,"data":"\n"}
,{"stream_name":"stdout","time":2728.450853828,"data":"    accuracy                           0.86       485\n"}
,{"stream_name":"stdout","time":2728.450858244,"data":"   macro avg       0.86      0.84      0.85       485\n"}
,{"stream_name":"stdout","time":2728.450862747,"data":"weighted avg       0.86      0.86      0.86       485\n"}
,{"stream_name":"stdout","time":2728.450867191,"data":"\n"}
,{"stream_name":"stdout","time":2728.450872932,"data":"\n"}
,{"stream_name":"stdout","time":2728.450876936,"data":"============================================================\n"}
,{"stream_name":"stdout","time":2728.450880092,"data":"FOLD 5/10\n"}
,{"stream_name":"stdout","time":2728.450883112,"data":"Train: 4361  |  Test: 485\n"}
,{"stream_name":"stdout","time":2728.450886266,"data":"============================================================\n"}
,{"stream_name":"stderr","time":2729.066699941,"data":"\u001b[1mModernBertForSequenceClassification LOAD REPORT\u001b[0m from: answerdotai/ModernBERT-base\n"}
,{"stream_name":"stderr","time":2729.066740434,"data":"Key               | Status     | \n"}
,{"stream_name":"stderr","time":2729.066745169,"data":"------------------+------------+-\n"}
,{"stream_name":"stderr","time":2729.066749507,"data":"decoder.bias      | UNEXPECTED | \n"}
,{"stream_name":"stderr","time":2729.066755604,"data":"classifier.weight | MISSING    | \n"}
,{"stream_name":"stderr","time":2729.06676004,"data":"classifier.bias   | MISSING    | \n"}
,{"stream_name":"stderr","time":2729.066765431,"data":"\n"}
,{"stream_name":"stderr","time":2729.066774353,"data":"\u001b[3mNotes:\n"}
,{"stream_name":"stderr","time":2729.066780029,"data":"- UNEXPECTED\u001b[3m\t:can be ignored when loading from different task/architecture; not ok if you expect identical arch.\n"}
,{"stream_name":"stderr","time":2729.066807124,"data":"- MISSING\u001b[3m\t:those params were newly initialized because missing from the checkpoint. Consider training on your downstream task.\u001b[0m\n"}
,{"stream_name":"stderr","time":2729.066811202,"data":"\n"}
,{"stream_name":"stderr","time":2729.066813402,"data":"\u001b[1mModernBertForSequenceClassification LOAD REPORT\u001b[0m from: answerdotai/ModernBERT-base\n"}
,{"stream_name":"stderr","time":2729.06681582,"data":"Key               | Status     | \n"}
,{"stream_name":"stderr","time":2729.066818062,"data":"------------------+------------+-\n"}
,{"stream_name":"stderr","time":2729.066820605,"data":"decoder.bias      | UNEXPECTED | \n"}
,{"stream_name":"stderr","time":2729.066822859,"data":"classifier.weight | MISSING    | \n"}
,{"stream_name":"stderr","time":2729.066825008,"data":"classifier.bias   | MISSING    | \n"}
,{"stream_name":"stderr","time":2729.066827292,"data":"\n"}
,{"stream_name":"stderr","time":2729.06682947,"data":"\u001b[3mNotes:\n"}
,{"stream_name":"stderr","time":2729.066831906,"data":"- UNEXPECTED\u001b[3m\t:can be ignored when loading from different task/architecture; not ok if you expect identical arch.\n"}
,{"stream_name":"stderr","time":2729.066834427,"data":"- MISSING\u001b[3m\t:those params were newly initialized because missing from the checkpoint. Consider training on your downstream task.\u001b[0m\n"}
,{"stream_name":"stderr","time":2731.453693862,"data":"The tokenizer has new PAD/BOS/EOS tokens that differ from the model config and generation config. The model config and generation config were aligned accordingly, being updated with the tokenizer's values. Updated tokens: {'eos_token_id': None, 'bos_token_id': None}.\n"}
,{"stream_name":"stderr","time":2731.453735553,"data":"\n"}
,{"stream_name":"stderr","time":2731.453740388,"data":"The tokenizer has new PAD/BOS/EOS tokens that differ from the model config and generation config. The model config and generation config were aligned accordingly, being updated with the tokenizer's values. Updated tokens: {'eos_token_id': None, 'bos_token_id': None}.\n"}
,{"stream_name":"stdout","time":3398.442216365,"data":"\n"}
,{"stream_name":"stdout","time":3398.442271235,"data":"Fold 5 — Accuracy: 0.8825  Macro F1: 0.8664\n"}
,{"stream_name":"stdout","time":3398.442276928,"data":"              precision    recall  f1-score   support\n"}
,{"stream_name":"stdout","time":3398.442280357,"data":"\n"}
,{"stream_name":"stdout","time":3398.442283372,"data":"    NEGATIVE       0.80      0.92      0.85        60\n"}
,{"stream_name":"stdout","time":3398.442286633,"data":"     NEUTRAL       0.91      0.91      0.91       288\n"}
,{"stream_name":"stdout","time":3398.442289673,"data":"    POSITIVE       0.87      0.80      0.84       137\n"}
,{"stream_name":"stdout","time":3398.442293211,"data":"\n"}
,{"stream_name":"stdout","time":3398.442296088,"data":"    accuracy                           0.88       485\n"}
,{"stream_name":"stdout","time":3398.442299112,"data":"   macro avg       0.86      0.88      0.87       485\n"}
,{"stream_name":"stdout","time":3398.442302267,"data":"weighted avg       0.88      0.88      0.88       485\n"}
,{"stream_name":"stdout","time":3398.442305277,"data":"\n"}
,{"stream_name":"stdout","time":3398.442308087,"data":"\n"}
,{"stream_name":"stdout","time":3398.442310894,"data":"============================================================\n"}
,{"stream_name":"stdout","time":3398.44231388,"data":"FOLD 6/10\n"}
,{"stream_name":"stdout","time":3398.442316986,"data":"Train: 4361  |  Test: 485\n"}
,{"stream_name":"stdout","time":3398.442320005,"data":"============================================================\n"}
,{"stream_name":"stderr","time":3399.062219889,"data":"\u001b[1mModernBertForSequenceClassification LOAD REPORT\u001b[0m from: answerdotai/ModernBERT-base\n"}
,{"stream_name":"stderr","time":3399.062256375,"data":"Key               | Status     | \n"}
,{"stream_name":"stderr","time":3399.062260598,"data":"------------------+------------+-\n"}
,{"stream_name":"stderr","time":3399.062264221,"data":"decoder.bias      | UNEXPECTED | \n"}
,{"stream_name":"stderr","time":3399.062269855,"data":"classifier.weight | MISSING    | \n"}
,{"stream_name":"stderr","time":3399.062273921,"data":"classifier.bias   | MISSING    | \n"}
,{"stream_name":"stderr","time":3399.062278018,"data":"\n"}
,{"stream_name":"stderr","time":3399.06228181,"data":"\u001b[3mNotes:\n"}
,{"stream_name":"stderr","time":3399.062286202,"data":"- UNEXPECTED\u001b[3m\t:can be ignored when loading from different task/architecture; not ok if you expect identical arch.\n"}
,{"stream_name":"stderr","time":3399.062290907,"data":"- MISSING\u001b[3m\t:those params were newly initialized because missing from the checkpoint. Consider training on your downstream task.\u001b[0m\n"}
,{"stream_name":"stderr","time":3399.062294927,"data":"\n"}
,{"stream_name":"stderr","time":3399.062298164,"data":"\u001b[1mModernBertForSequenceClassification LOAD REPORT\u001b[0m from: answerdotai/ModernBERT-base\n"}
,{"stream_name":"stderr","time":3399.062301996,"data":"Key               | Status     | \n"}
,{"stream_name":"stderr","time":3399.062305486,"data":"------------------+------------+-\n"}
,{"stream_name":"stderr","time":3399.062308836,"data":"decoder.bias      | UNEXPECTED | \n"}
,{"stream_name":"stderr","time":3399.062312223,"data":"classifier.weight | MISSING    | \n"}
,{"stream_name":"stderr","time":3399.062317383,"data":"classifier.bias   | MISSING    | \n"}
,{"stream_name":"stderr","time":3399.062320235,"data":"\n"}
,{"stream_name":"stderr","time":3399.06232235,"data":"\u001b[3mNotes:\n"}
,{"stream_name":"stderr","time":3399.062324626,"data":"- UNEXPECTED\u001b[3m\t:can be ignored when loading from different task/architecture; not ok if you expect identical arch.\n"}
,{"stream_name":"stderr","time":3399.062327152,"data":"- MISSING\u001b[3m\t:those params were newly initialized because missing from the checkpoint. Consider training on your downstream task.\u001b[0m\n"}
,{"stream_name":"stderr","time":3401.300030538,"data":"The tokenizer has new PAD/BOS/EOS tokens that differ from the model config and generation config. The model config and generation config were aligned accordingly, being updated with the tokenizer's values. Updated tokens: {'eos_token_id': None, 'bos_token_id': None}.\n"}
,{"stream_name":"stderr","time":3401.300064972,"data":"\n"}
,{"stream_name":"stderr","time":3401.300069667,"data":"The tokenizer has new PAD/BOS/EOS tokens that differ from the model config and generation config. The model config and generation config were aligned accordingly, being updated with the tokenizer's values. Updated tokens: {'eos_token_id': None, 'bos_token_id': None}.\n"}
,{"stream_name":"stdout","time":4070.682966137,"data":"\n"}
,{"stream_name":"stdout","time":4070.683008492,"data":"Fold 6 — Accuracy: 0.8701  Macro F1: 0.8718\n"}
,{"stream_name":"stdout","time":4070.683013641,"data":"              precision    recall  f1-score   support\n"}
,{"stream_name":"stdout","time":4070.683016924,"data":"\n"}
,{"stream_name":"stdout","time":4070.683019869,"data":"    NEGATIVE       0.93      0.92      0.92        60\n"}
,{"stream_name":"stdout","time":4070.683023431,"data":"     NEUTRAL       0.90      0.89      0.89       288\n"}
,{"stream_name":"stdout","time":4070.683026649,"data":"    POSITIVE       0.79      0.80      0.80       137\n"}
,{"stream_name":"stdout","time":4070.683045372,"data":"\n"}
,{"stream_name":"stdout","time":4070.683047891,"data":"    accuracy                           0.87       485\n"}
,{"stream_name":"stdout","time":4070.683050581,"data":"   macro avg       0.87      0.87      0.87       485\n"}
,{"stream_name":"stdout","time":4070.683052815,"data":"weighted avg       0.87      0.87      0.87       485\n"}
,{"stream_name":"stdout","time":4070.683055099,"data":"\n"}
,{"stream_name":"stdout","time":4070.683057211,"data":"\n"}
,{"stream_name":"stdout","time":4070.683059504,"data":"============================================================\n"}
,{"stream_name":"stdout","time":4070.683061826,"data":"FOLD 7/10\n"}
,{"stream_name":"stdout","time":4070.683064109,"data":"Train: 4362  |  Test: 484\n"}
,{"stream_name":"stdout","time":4070.683066331,"data":"============================================================\n"}
,{"stream_name":"stderr","time":4071.286213716,"data":"\u001b[1mModernBertForSequenceClassification LOAD REPORT\u001b[0m from: answerdotai/ModernBERT-base\n"}
,{"stream_name":"stderr","time":4071.286257639,"data":"Key               | Status     | \n"}
,{"stream_name":"stderr","time":4071.286263589,"data":"------------------+------------+-\n"}
,{"stream_name":"stderr","time":4071.286267075,"data":"decoder.bias      | UNEXPECTED | \n"}
,{"stream_name":"stderr","time":4071.286271973,"data":"classifier.weight | MISSING    | \n"}
,{"stream_name":"stderr","time":4071.286275266,"data":"classifier.bias   | MISSING    | \n"}
,{"stream_name":"stderr","time":4071.286277904,"data":"\n"}
,{"stream_name":"stderr","time":4071.286280471,"data":"\u001b[3mNotes:\n"}
,{"stream_name":"stderr","time":4071.286283004,"data":"- UNEXPECTED\u001b[3m\t:can be ignored when loading from different task/architecture; not ok if you expect identical arch.\n"}
,{"stream_name":"stderr","time":4071.286285768,"data":"- MISSING\u001b[3m\t:those params were newly initialized because missing from the checkpoint. Consider training on your downstream task.\u001b[0m\n"}
,{"stream_name":"stderr","time":4071.286288714,"data":"\n"}
,{"stream_name":"stderr","time":4071.286291128,"data":"\u001b[1mModernBertForSequenceClassification LOAD REPORT\u001b[0m from: answerdotai/ModernBERT-base\n"}
,{"stream_name":"stderr","time":4071.286293649,"data":"Key               | Status     | \n"}
,{"stream_name":"stderr","time":4071.286295864,"data":"------------------+------------+-\n"}
,{"stream_name":"stderr","time":4071.286298154,"data":"decoder.bias      | UNEXPECTED | \n"}
,{"stream_name":"stderr","time":4071.286300353,"data":"classifier.weight | MISSING    | \n"}
,{"stream_name":"stderr","time":4071.286302619,"data":"classifier.bias   | MISSING    | \n"}
,{"stream_name":"stderr","time":4071.286304821,"data":"\n"}
,{"stream_name":"stderr","time":4071.286307052,"data":"\u001b[3mNotes:\n"}
,{"stream_name":"stderr","time":4071.286309389,"data":"- UNEXPECTED\u001b[3m\t:can be ignored when loading from different task/architecture; not ok if you expect identical arch.\n"}
,{"stream_name":"stderr","time":4071.286311958,"data":"- MISSING\u001b[3m\t:those params were newly initialized because missing from the checkpoint. Consider training on your downstream task.\u001b[0m\n"}
,{"stream_name":"stderr","time":4073.470179978,"data":"The tokenizer has new PAD/BOS/EOS tokens that differ from the model config and generation config. The model config and generation config were aligned accordingly, being updated with the tokenizer's values. Updated tokens: {'eos_token_id': None, 'bos_token_id': None}.\n"}
,{"stream_name":"stderr","time":4073.470215149,"data":"\n"}
,{"stream_name":"stderr","time":4073.470219959,"data":"The tokenizer has new PAD/BOS/EOS tokens that differ from the model config and generation config. The model config and generation config were aligned accordingly, being updated with the tokenizer's values. Updated tokens: {'eos_token_id': None, 'bos_token_id': None}.\n"}
,{"stream_name":"stdout","time":4746.154077385,"data":"\n"}
,{"stream_name":"stdout","time":4746.154150671,"data":"Fold 7 — Accuracy: 0.8554  Macro F1: 0.8323\n"}
,{"stream_name":"stdout","time":4746.154159317,"data":"              precision    recall  f1-score   support\n"}
,{"stream_name":"stdout","time":4746.154163196,"data":"\n"}
,{"stream_name":"stdout","time":4746.154166257,"data":"    NEGATIVE       0.80      0.88      0.84        60\n"}
,{"stream_name":"stdout","time":4746.154169463,"data":"     NEUTRAL       0.85      0.95      0.89       288\n"}
,{"stream_name":"stdout","time":4746.15417259,"data":"    POSITIVE       0.93      0.65      0.76       136\n"}
,{"stream_name":"stdout","time":4746.154175737,"data":"\n"}
,{"stream_name":"stdout","time":4746.154178658,"data":"    accuracy                           0.86       484\n"}
,{"stream_name":"stdout","time":4746.154181638,"data":"   macro avg       0.86      0.83      0.83       484\n"}
,{"stream_name":"stdout","time":4746.154184618,"data":"weighted avg       0.86      0.86      0.85       484\n"}
,{"stream_name":"stdout","time":4746.154187733,"data":"\n"}
,{"stream_name":"stdout","time":4746.154190603,"data":"\n"}
,{"stream_name":"stdout","time":4746.154193453,"data":"============================================================\n"}
,{"stream_name":"stdout","time":4746.15419647,"data":"FOLD 8/10\n"}
,{"stream_name":"stdout","time":4746.154199778,"data":"Train: 4362  |  Test: 484\n"}
,{"stream_name":"stdout","time":4746.154202833,"data":"============================================================\n"}
,{"stream_name":"stderr","time":4746.761328364,"data":"\u001b[1mModernBertForSequenceClassification LOAD REPORT\u001b[0m from: answerdotai/ModernBERT-base\n"}
,{"stream_name":"stderr","time":4746.761371603,"data":"Key               | Status     | \n"}
,{"stream_name":"stderr","time":4746.761378339,"data":"------------------+------------+-\n"}
,{"stream_name":"stderr","time":4746.761383093,"data":"decoder.bias      | UNEXPECTED | \n"}
,{"stream_name":"stderr","time":4746.761389282,"data":"classifier.weight | MISSING    | \n"}
,{"stream_name":"stderr","time":4746.761394205,"data":"classifier.bias   | MISSING    | \n"}
,{"stream_name":"stderr","time":4746.761397476,"data":"\n"}
,{"stream_name":"stderr","time":4746.761400548,"data":"\u001b[3mNotes:\n"}
,{"stream_name":"stderr","time":4746.761404014,"data":"- UNEXPECTED\u001b[3m\t:can be ignored when loading from different task/architecture; not ok if you expect identical arch.\n"}
,{"stream_name":"stderr","time":4746.761407496,"data":"- MISSING\u001b[3m\t:those params were newly initialized because missing from the checkpoint. Consider training on your downstream task.\u001b[0m\n"}
,{"stream_name":"stderr","time":4746.761411182,"data":"\n"}
,{"stream_name":"stderr","time":4746.761414159,"data":"\u001b[1mModernBertForSequenceClassification LOAD REPORT\u001b[0m from: answerdotai/ModernBERT-base\n"}
,{"stream_name":"stderr","time":4746.761417299,"data":"Key               | Status     | \n"}
,{"stream_name":"stderr","time":4746.761420233,"data":"------------------+------------+-\n"}
,{"stream_name":"stderr","time":4746.761423274,"data":"decoder.bias      | UNEXPECTED | \n"}
,{"stream_name":"stderr","time":4746.761426213,"data":"classifier.weight | MISSING    | \n"}
,{"stream_name":"stderr","time":4746.761429246,"data":"classifier.bias   | MISSING    | \n"}
,{"stream_name":"stderr","time":4746.761432208,"data":"\n"}
,{"stream_name":"stderr","time":4746.761452866,"data":"\u001b[3mNotes:\n"}
,{"stream_name":"stderr","time":4746.76145538,"data":"- UNEXPECTED\u001b[3m\t:can be ignored when loading from different task/architecture; not ok if you expect identical arch.\n"}
,{"stream_name":"stderr","time":4746.761458027,"data":"- MISSING\u001b[3m\t:those params were newly initialized because missing from the checkpoint. Consider training on your downstream task.\u001b[0m\n"}
,{"stream_name":"stderr","time":4749.253924437,"data":"The tokenizer has new PAD/BOS/EOS tokens that differ from the model config and generation config. The model config and generation config were aligned accordingly, being updated with the tokenizer's values. Updated tokens: {'eos_token_id': None, 'bos_token_id': None}.\n"}
,{"stream_name":"stderr","time":4749.25406968,"data":"\n"}
,{"stream_name":"stderr","time":4749.254086953,"data":"The tokenizer has new PAD/BOS/EOS tokens that differ from the model config and generation config. The model config and generation config were aligned accordingly, being updated with the tokenizer's values. Updated tokens: {'eos_token_id': None, 'bos_token_id': None}.\n"}
,{"stream_name":"stdout","time":5420.539975377,"data":"\n"}
,{"stream_name":"stdout","time":5420.540013097,"data":"Fold 8 — Accuracy: 0.8719  Macro F1: 0.8441\n"}
,{"stream_name":"stdout","time":5420.540018074,"data":"              precision    recall  f1-score   support\n"}
,{"stream_name":"stdout","time":5420.540021471,"data":"\n"}
,{"stream_name":"stdout","time":5420.54002448,"data":"    NEGATIVE       0.81      0.78      0.80        60\n"}
,{"stream_name":"stdout","time":5420.540027673,"data":"     NEUTRAL       0.88      0.93      0.90       288\n"}
,{"stream_name":"stdout","time":5420.540031203,"data":"    POSITIVE       0.89      0.78      0.83       136\n"}
,{"stream_name":"stdout","time":5420.54003608,"data":"\n"}
,{"stream_name":"stdout","time":5420.540042224,"data":"    accuracy                           0.87       484\n"}
,{"stream_name":"stdout","time":5420.540047346,"data":"   macro avg       0.86      0.83      0.84       484\n"}
,{"stream_name":"stdout","time":5420.540052479,"data":"weighted avg       0.87      0.87      0.87       484\n"}
,{"stream_name":"stdout","time":5420.540058177,"data":"\n"}
,{"stream_name":"stdout","time":5420.540063024,"data":"\n"}
,{"stream_name":"stdout","time":5420.540067236,"data":"============================================================\n"}
,{"stream_name":"stdout","time":5420.540071658,"data":"FOLD 9/10\n"}
,{"stream_name":"stdout","time":5420.540076025,"data":"Train: 4362  |  Test: 484\n"}
,{"stream_name":"stdout","time":5420.54008047,"data":"============================================================\n"}
,{"stream_name":"stderr","time":5421.131435839,"data":"\u001b[1mModernBertForSequenceClassification LOAD REPORT\u001b[0m from: answerdotai/ModernBERT-base\n"}
,{"stream_name":"stderr","time":5421.131479254,"data":"Key               | Status     | \n"}
,{"stream_name":"stderr","time":5421.131485924,"data":"------------------+------------+-\n"}
,{"stream_name":"stderr","time":5421.131491313,"data":"decoder.bias      | UNEXPECTED | \n"}
,{"stream_name":"stderr","time":5421.131496353,"data":"classifier.weight | MISSING    | \n"}
,{"stream_name":"stderr","time":5421.131500892,"data":"classifier.bias   | MISSING    | \n"}
,{"stream_name":"stderr","time":5421.131505885,"data":"\n"}
,{"stream_name":"stderr","time":5421.131510708,"data":"\u001b[3mNotes:\n"}
,{"stream_name":"stderr","time":5421.131516013,"data":"- UNEXPECTED\u001b[3m\t:can be ignored when loading from different task/architecture; not ok if you expect identical arch.\n"}
,{"stream_name":"stderr","time":5421.131541158,"data":"- MISSING\u001b[3m\t:those params were newly initialized because missing from the checkpoint. Consider training on your downstream task.\u001b[0m\n"}
,{"stream_name":"stderr","time":5421.131544262,"data":"\n"}
,{"stream_name":"stderr","time":5421.131546412,"data":"\u001b[1mModernBertForSequenceClassification LOAD REPORT\u001b[0m from: answerdotai/ModernBERT-base\n"}
,{"stream_name":"stderr","time":5421.13154885,"data":"Key               | Status     | \n"}
,{"stream_name":"stderr","time":5421.131551182,"data":"------------------+------------+-\n"}
,{"stream_name":"stderr","time":5421.131553498,"data":"decoder.bias      | UNEXPECTED | \n"}
,{"stream_name":"stderr","time":5421.131555767,"data":"classifier.weight | MISSING    | \n"}
,{"stream_name":"stderr","time":5421.131558459,"data":"classifier.bias   | MISSING    | \n"}
,{"stream_name":"stderr","time":5421.131560673,"data":"\n"}
,{"stream_name":"stderr","time":5421.131562847,"data":"\u001b[3mNotes:\n"}
,{"stream_name":"stderr","time":5421.131565048,"data":"- UNEXPECTED\u001b[3m\t:can be ignored when loading from different task/architecture; not ok if you expect identical arch.\n"}
,{"stream_name":"stderr","time":5421.131567522,"data":"- MISSING\u001b[3m\t:those params were newly initialized because missing from the checkpoint. Consider training on your downstream task.\u001b[0m\n"}
,{"stream_name":"stderr","time":5423.664540123,"data":"The tokenizer has new PAD/BOS/EOS tokens that differ from the model config and generation config. The model config and generation config were aligned accordingly, being updated with the tokenizer's values. Updated tokens: {'eos_token_id': None, 'bos_token_id': None}.\n"}
,{"stream_name":"stderr","time":5423.664574026,"data":"\n"}
,{"stream_name":"stderr","time":5423.664578618,"data":"The tokenizer has new PAD/BOS/EOS tokens that differ from the model config and generation config. The model config and generation config were aligned accordingly, being updated with the tokenizer's values. Updated tokens: {'eos_token_id': None, 'bos_token_id': None}.\n"}
,{"stream_name":"stdout","time":6095.674768048,"data":"\n"}
,{"stream_name":"stdout","time":6095.674823405,"data":"Fold 9 — Accuracy: 0.8678  Macro F1: 0.8469\n"}
,{"stream_name":"stdout","time":6095.674831781,"data":"              precision    recall  f1-score   support\n"}
,{"stream_name":"stdout","time":6095.674836543,"data":"\n"}
,{"stream_name":"stdout","time":6095.6748409,"data":"    NEGATIVE       0.81      0.87      0.84        60\n"}
,{"stream_name":"stdout","time":6095.674845405,"data":"     NEUTRAL       0.88      0.93      0.90       288\n"}
,{"stream_name":"stdout","time":6095.674849868,"data":"    POSITIVE       0.86      0.74      0.80       136\n"}
,{"stream_name":"stdout","time":6095.674856218,"data":"\n"}
,{"stream_name":"stdout","time":6095.674860009,"data":"    accuracy                           0.87       484\n"}
,{"stream_name":"stdout","time":6095.674863016,"data":"   macro avg       0.85      0.85      0.85       484\n"}
,{"stream_name":"stdout","time":6095.674866067,"data":"weighted avg       0.87      0.87      0.87       484\n"}
,{"stream_name":"stdout","time":6095.67486906,"data":"\n"}
,{"stream_name":"stdout","time":6095.674871983,"data":"\n"}
,{"stream_name":"stdout","time":6095.674874825,"data":"============================================================\n"}
,{"stream_name":"stdout","time":6095.674877925,"data":"FOLD 10/10\n"}
,{"stream_name":"stdout","time":6095.674880932,"data":"Train: 4362  |  Test: 484\n"}
,{"stream_name":"stdout","time":6095.674884063,"data":"============================================================\n"}
,{"stream_name":"stderr","time":6096.253502185,"data":"\u001b[1mModernBertForSequenceClassification LOAD REPORT\u001b[0m from: answerdotai/ModernBERT-base\n"}
,{"stream_name":"stderr","time":6096.253537652,"data":"Key               | Status     | \n"}
,{"stream_name":"stderr","time":6096.253542087,"data":"------------------+------------+-\n"}
,{"stream_name":"stderr","time":6096.253546657,"data":"decoder.bias      | UNEXPECTED | \n"}
,{"stream_name":"stderr","time":6096.253550533,"data":"classifier.weight | MISSING    | \n"}
,{"stream_name":"stderr","time":6096.253554786,"data":"classifier.bias   | MISSING    | \n"}
,{"stream_name":"stderr","time":6096.253558897,"data":"\n"}
,{"stream_name":"stderr","time":6096.253562685,"data":"\u001b[3mNotes:\n"}
,{"stream_name":"stderr","time":6096.253567217,"data":"- UNEXPECTED\u001b[3m\t:can be ignored when loading from different task/architecture; not ok if you expect identical arch.\n"}
,{"stream_name":"stderr","time":6096.253571453,"data":"- MISSING\u001b[3m\t:those params were newly initialized because missing from the checkpoint. Consider training on your downstream task.\u001b[0m\n"}
,{"stream_name":"stderr","time":6096.253575757,"data":"\n"}
,{"stream_name":"stderr","time":6096.253579017,"data":"\u001b[1mModernBertForSequenceClassification LOAD REPORT\u001b[0m from: answerdotai/ModernBERT-base\n"}
,{"stream_name":"stderr","time":6096.253584656,"data":"Key               | Status     | \n"}
,{"stream_name":"stderr","time":6096.253606614,"data":"------------------+------------+-\n"}
,{"stream_name":"stderr","time":6096.253609118,"data":"decoder.bias      | UNEXPECTED | \n"}
,{"stream_name":"stderr","time":6096.253611721,"data":"classifier.weight | MISSING    | \n"}
,{"stream_name":"stderr","time":6096.253615791,"data":"classifier.bias   | MISSING    | \n"}
,{"stream_name":"stderr","time":6096.253618239,"data":"\n"}
,{"stream_name":"stderr","time":6096.253620467,"data":"\u001b[3mNotes:\n"}
,{"stream_name":"stderr","time":6096.253622743,"data":"- UNEXPECTED\u001b[3m\t:can be ignored when loading from different task/architecture; not ok if you expect identical arch.\n"}
,{"stream_name":"stderr","time":6096.253625423,"data":"- MISSING\u001b[3m\t:those params were newly initialized because missing from the checkpoint. Consider training on your downstream task.\u001b[0m\n"}
,{"stream_name":"stderr","time":6098.747710155,"data":"The tokenizer has new PAD/BOS/EOS tokens that differ from the model config and generation config. The model config and generation config were aligned accordingly, being updated with the tokenizer's values. Updated tokens: {'eos_token_id': None, 'bos_token_id': None}.\n"}
,{"stream_name":"stderr","time":6098.747742058,"data":"\n"}
,{"stream_name":"stderr","time":6098.747746524,"data":"The tokenizer has new PAD/BOS/EOS tokens that differ from the model config and generation config. The model config and generation config were aligned accordingly, being updated with the tokenizer's values. Updated tokens: {'eos_token_id': None, 'bos_token_id': None}.\n"}
,{"stream_name":"stdout","time":6769.633972174,"data":"\n"}
,{"stream_name":"stdout","time":6769.634025006,"data":"Fold 10 — Accuracy: 0.8657  Macro F1: 0.8562\n"}
,{"stream_name":"stdout","time":6769.634032567,"data":"              precision    recall  f1-score   support\n"}
,{"stream_name":"stdout","time":6769.634037361,"data":"\n"}
,{"stream_name":"stdout","time":6769.634041872,"data":"    NEGATIVE       0.88      0.87      0.88        61\n"}
,{"stream_name":"stdout","time":6769.634047065,"data":"     NEUTRAL       0.87      0.91      0.89       287\n"}
,{"stream_name":"stdout","time":6769.634051751,"data":"    POSITIVE       0.84      0.76      0.80       136\n"}
,{"stream_name":"stdout","time":6769.634072059,"data":"\n"}
,{"stream_name":"stdout","time":6769.634077258,"data":"    accuracy                           0.87       484\n"}
,{"stream_name":"stdout","time":6769.634080576,"data":"   macro avg       0.87      0.85      0.86       484\n"}
,{"stream_name":"stdout","time":6769.634083559,"data":"weighted avg       0.86      0.87      0.86       484\n"}
,{"stream_name":"stdout","time":6769.634085844,"data":"\n"}
,{"stream_name":"stdout","time":6769.634088035,"data":"\n"}
,{"stream_name":"stdout","time":6769.634090331,"data":"All 10 folds complete!\n"}
,{"stream_name":"stdout","time":6769.693290758,"data":"==========================================================================================\n"}
,{"stream_name":"stdout","time":6769.693327775,"data":"10-FOLD CROSS-VALIDATION RESULTS — ModernBERT-base + LoRA on FPB sentences_50agree\n"}
,{"stream_name":"stdout","time":6769.693334488,"data":"==========================================================================================\n"}
,{"stream_name":"stdout","time":6769.693338997,"data":" Fold  Accuracy  Macro F1  F1 Negative  F1 Neutral  F1 Positive  Train Size  Test Size\n"}
,{"stream_name":"stdout","time":6769.693343497,"data":"    1    0.8639    0.8438       0.8235      0.8957       0.8120        4361        485\n"}
,{"stream_name":"stdout","time":6769.693347771,"data":"    2    0.8866    0.8765       0.8889      0.9113       0.8295        4361        485\n"}
,{"stream_name":"stdout","time":6769.693352741,"data":"    3    0.8619    0.8529       0.8618      0.8885       0.8085        4361        485\n"}
,{"stream_name":"stdout","time":6769.693357289,"data":"    4    0.8619    0.8494       0.8522      0.8900       0.8059        4361        485\n"}
,{"stream_name":"stdout","time":6769.693361666,"data":"    5    0.8825    0.8664       0.8527      0.9100       0.8365        4361        485\n"}
,{"stream_name":"stdout","time":6769.693365897,"data":"    6    0.8701    0.8718       0.9244      0.8939       0.7971        4361        485\n"}
,{"stream_name":"stdout","time":6769.693370193,"data":"    7    0.8554    0.8323       0.8413      0.8936       0.7619        4362        484\n"}
,{"stream_name":"stdout","time":6769.693374678,"data":"    8    0.8719    0.8441       0.7966      0.9042       0.8314        4362        484\n"}
,{"stream_name":"stdout","time":6769.693378794,"data":"    9    0.8678    0.8469       0.8387      0.9036       0.7984        4362        484\n"}
,{"stream_name":"stdout","time":6769.693382645,"data":"   10    0.8657    0.8562       0.8760      0.8927       0.8000        4362        484\n"}
,{"stream_name":"stdout","time":6769.693386632,"data":"\n"}
,{"stream_name":"stdout","time":6769.693390196,"data":"==========================================================================================\n"}
,{"stream_name":"stdout","time":6769.693394323,"data":"SUMMARY (mean ± std)\n"}
,{"stream_name":"stdout","time":6769.693399035,"data":"==========================================================================================\n"}
,{"stream_name":"stdout","time":6769.693403628,"data":"  Accuracy       : 0.8688 ± 0.0096\n"}
,{"stream_name":"stdout","time":6769.693408034,"data":"  Macro F1       : 0.8540 ± 0.0139\n"}
,{"stream_name":"stdout","time":6769.693412725,"data":"  F1 Negative    : 0.8556 ± 0.0355\n"}
,{"stream_name":"stdout","time":6769.693417441,"data":"  F1 Neutral     : 0.8984 ± 0.0082\n"}
,{"stream_name":"stdout","time":6769.693421906,"data":"  F1 Positive    : 0.8081 ± 0.0217\n"}
,{"stream_name":"stdout","time":6769.693425999,"data":"\n"}
,{"stream_name":"stdout","time":6769.693430523,"data":"  Min Accuracy:  0.8554 (Fold 7)\n"}
,{"stream_name":"stdout","time":6769.693434434,"data":"  Max Accuracy:  0.8866 (Fold 2)\n"}
,{"stream_name":"stdout","time":6769.738741202,"data":"===============================================================================================\n"}
,{"stream_name":"stdout","time":6769.738775561,"data":"COMPARISON — ModernBERT vs Published Baselines on FPB sentences_50agree\n"}
,{"stream_name":"stdout","time":6769.738782216,"data":"===============================================================================================\n"}
,{"stream_name":"stdout","time":6769.738786456,"data":"                 Model        Accuracy        Macro F1                      Protocol           Source\n"}
,{"stream_name":"stdout","time":6769.738790928,"data":"             LSTM+ELMo          0.7500          0.7000             In-domain (80/20)       Araci 2019\n"}
,{"stream_name":"stdout","time":6769.738795501,"data":"                ULMFit          0.8300          0.7900             In-domain (80/20)       Araci 2019\n"}
,{"stream_name":"stdout","time":6769.738799794,"data":"      ProsusAI/finbert          0.8600          0.8400             In-domain (80/20)       Araci 2019\n"}
,{"stream_name":"stdout","time":6769.738803854,"data":"      FinBERT-FinVocab          0.8720               — In-domain (90/10, 10-run avg) Yang et al. 2020\n"}
,{"stream_name":"stdout","time":6769.738807874,"data":"            finbert-lc          0.8900          0.8800                     In-domain             2024\n"}
,{"stream_name":"stdout","time":6769.738811913,"data":"ModernBERT+LoRA (ours) 0.8688 ± 0.0096 0.8540 ± 0.0139          In-domain 10-fold CV  This experiment\n"}
,{"stream_name":"stdout","time":6769.738816011,"data":"\n"}
,{"stream_name":"stdout","time":6769.738819522,"data":"Note: All baselines use in-domain FPB evaluation. Our result is 10-fold stratified CV.\n"}
,{"stream_name":"stderr","time":6770.770124831,"data":"/tmp/ipykernel_24/3984423414.py:9: MatplotlibDeprecationWarning: The 'labels' parameter of boxplot() has been renamed 'tick_labels' since Matplotlib 3.9; support for the old name will be dropped in 3.11.\n"}
,{"stream_name":"stderr","time":6770.770168904,"data":"  bp = ax.boxplot(\n"}
,{"stream_name":"stderr","time":6770.770173119,"data":"\n"}
,{"stream_name":"stderr","time":6770.77017707,"data":"/tmp/ipykernel_24/3984423414.py:9: MatplotlibDeprecationWarning: The 'labels' parameter of boxplot() has been renamed 'tick_labels' since Matplotlib 3.9; support for the old name will be dropped in 3.11.\n"}
,{"stream_name":"stderr","time":6770.770183029,"data":"  bp = ax.boxplot(\n"}
,{"stream_name":"stdout","time":6770.857154042,"data":"Verification: Training loss at epoch 1 should be similar across all folds.\n"}
,{"stream_name":"stdout","time":6770.857193443,"data":"If it decreases monotonically, model weights are leaking between folds.\n"}
,{"stream_name":"stdout","time":6770.857198916,"data":"\n"}
,{"stream_name":"stdout","time":6770.857202369,"data":"Check the training logs above — epoch 1 loss for each fold should be ~1.0-1.1.\n"}
,{"stream_name":"stdout","time":6770.857206757,"data":"\n"}
,{"stream_name":"stdout","time":6770.85721008,"data":"============================================================\n"}
,{"stream_name":"stdout","time":6770.857214263,"data":"FINAL RESULT\n"}
,{"stream_name":"stdout","time":6770.857217599,"data":"============================================================\n"}
,{"stream_name":"stdout","time":6770.85722128,"data":"ModernBERT-base + LoRA — 10-fold CV on FPB sentences_50agree\n"}
,{"stream_name":"stdout","time":6770.857224919,"data":"Accuracy: 0.8688 ± 0.0096\n"}
,{"stream_name":"stdout","time":6770.857228617,"data":"Macro F1: 0.8540 ± 0.0139\n"}
,{"stream_name":"stderr","time":6776.460704773,"data":"/usr/local/lib/python3.12/dist-packages/mistune.py:435: SyntaxWarning: invalid escape sequence '\\|'\n"}
,{"stream_name":"stderr","time":6776.460767075,"data":"  cells[i][c] = re.sub('\\\\\\\\\\|', '|', cell)\n"}
,{"stream_name":"stderr","time":6776.621579638,"data":"/usr/local/lib/python3.12/dist-packages/nbconvert/filters/filter_links.py:36: SyntaxWarning: invalid escape sequence '\\_'\n"}
,{"stream_name":"stderr","time":6776.621624805,"data":"  text = re.sub(r'_', '\\_', text) # Escape underscores in display text\n"}
,{"stream_name":"stderr","time":6777.21433206,"data":"/usr/local/lib/python3.12/dist-packages/traitlets/traitlets.py:2915: FutureWarning: --Exporter.preprocessors=[\"remove_papermill_header.RemovePapermillHeader\"] for containers is deprecated in traitlets 5.0. You can pass `--Exporter.preprocessors item` ... multiple times to add items to a list.\n"}
,{"stream_name":"stderr","time":6777.214372583,"data":"  warn(\n"}
,{"stream_name":"stderr","time":6777.245305304,"data":"[NbConvertApp] Converting notebook __notebook__.ipynb to notebook\n"}
,{"stream_name":"stderr","time":6777.700824515,"data":"[NbConvertApp] Writing 617800 bytes to __notebook__.ipynb\n"}
,{"stream_name":"stderr","time":6780.356831322,"data":"/usr/local/lib/python3.12/dist-packages/traitlets/traitlets.py:2915: FutureWarning: --Exporter.preprocessors=[\"nbconvert.preprocessors.ExtractOutputPreprocessor\"] for containers is deprecated in traitlets 5.0. You can pass `--Exporter.preprocessors item` ... multiple times to add items to a list.\n"}
,{"stream_name":"stderr","time":6780.356868886,"data":"  warn(\n"}
,{"stream_name":"stderr","time":6780.378675066,"data":"[NbConvertApp] Converting notebook __notebook__.ipynb to html\n"}
,{"stream_name":"stderr","time":6781.395405933,"data":"[NbConvertApp] Support files will be in __results___files/\n"}
,{"stream_name":"stderr","time":6781.39543965,"data":"[NbConvertApp] Making directory __results___files\n"}
,{"stream_name":"stderr","time":6781.39575841,"data":"[NbConvertApp] Making directory __results___files\n"}
,{"stream_name":"stderr","time":6781.39600314,"data":"[NbConvertApp] Writing 750555 bytes to __results__.html\n"}
]