[{"stream_name":"stderr","time":9.919178247,"data":"/usr/local/lib/python3.12/dist-packages/nbformat/__init__.py:96: MissingIDFieldWarning: Cell is missing an id field, this will become a hard error in future nbformat versions. You may want to use `normalize()` on your notebooks before validations (available since nbformat 5.1.4). Previous versions of nbformat are fixing this issue transparently, and will stop doing so in the future.\n"}
,{"stream_name":"stderr","time":9.919277873,"data":"  validate(nb)\n"}
,{"stream_name":"stderr","time":11.552172204,"data":"0.00s - Debugger warning: It seems that frozen modules are being used, which may\n"}
,{"stream_name":"stderr","time":11.552213012,"data":"0.00s - make the debugger miss breakpoints. Please pass -Xfrozen_modules=off\n"}
,{"stream_name":"stderr","time":11.552224095,"data":"0.00s - to python to disable frozen modules.\n"}
,{"stream_name":"stderr","time":11.552227537,"data":"0.00s - Note: Debugging will proceed. Set PYDEVD_DISABLE_FILE_VALIDATION=1 to disable this validation.\n"}
,{"stream_name":"stderr","time":12.538692655,"data":"0.00s - Debugger warning: It seems that frozen modules are being used, which may\n"}
,{"stream_name":"stderr","time":12.538732776,"data":"0.00s - make the debugger miss breakpoints. Please pass -Xfrozen_modules=off\n"}
,{"stream_name":"stderr","time":12.538738505,"data":"0.00s - to python to disable frozen modules.\n"}
,{"stream_name":"stderr","time":12.538743324,"data":"0.00s - Note: Debugging will proceed. Set PYDEVD_DISABLE_FILE_VALIDATION=1 to disable this validation.\n"}
,{"stream_name":"stdout","time":51.446660873,"data":"Device: cpu\n"}
,{"stream_name":"stderr","time":52.038221162,"data":"Warning: You are sending unauthenticated requests to the HF Hub. Please set a HF_TOKEN to enable higher rate limits and faster downloads.\n"}
,{"stream_name":"stderr","time":52.038261474,"data":"\n"}
,{"stream_name":"stderr","time":52.038269643,"data":"Warning: You are sending unauthenticated requests to the HF Hub. Please set a HF_TOKEN to enable higher rate limits and faster downloads.\n"}
,{"stream_name":"stderr","time":58.297189496,"data":"\u001b[1mBertForSequenceClassification LOAD REPORT\u001b[0m from: yiyanghkust/finbert-tone\n"}
,{"stream_name":"stderr","time":58.297249527,"data":"Key                          | Status     |  | \n"}
,{"stream_name":"stderr","time":58.297273027,"data":"-----------------------------+------------+--+-\n"}
,{"stream_name":"stderr","time":58.297279887,"data":"bert.embeddings.position_ids | UNEXPECTED |  | \n"}
,{"stream_name":"stderr","time":58.297286219,"data":"\n"}
,{"stream_name":"stderr","time":58.297292197,"data":"\u001b[3mNotes:\n"}
,{"stream_name":"stderr","time":58.297298124,"data":"- UNEXPECTED\u001b[3m\t:can be ignored when loading from different task/architecture; not ok if you expect identical arch.\u001b[0m\n"}
,{"stream_name":"stderr","time":58.297304467000004,"data":"\n"}
,{"stream_name":"stderr","time":58.297310125,"data":"\u001b[1mBertForSequenceClassification LOAD REPORT\u001b[0m from: yiyanghkust/finbert-tone\n"}
,{"stream_name":"stderr","time":58.297415601,"data":"Key                          | Status     |  | \n"}
,{"stream_name":"stderr","time":58.297443389,"data":"-----------------------------+------------+--+-\n"}
,{"stream_name":"stderr","time":58.297450792,"data":"bert.embeddings.position_ids | UNEXPECTED |  | \n"}
,{"stream_name":"stderr","time":58.297456563,"data":"\n"}
,{"stream_name":"stderr","time":58.297461893,"data":"\u001b[3mNotes:\n"}
,{"stream_name":"stderr","time":58.297468087,"data":"- UNEXPECTED\u001b[3m\t:can be ignored when loading from different task/architecture; not ok if you expect identical arch.\u001b[0m\n"}
,{"stream_name":"stdout","time":58.304221157,"data":"finbert-tone id2label: {0: 'Neutral', 1: 'Positive', 2: 'Negative'}\n"}
,{"stream_name":"stdout","time":67.712583246,"data":"ModernFinBERT id2label: {0: 'LABEL_0', 1: 'LABEL_1', 2: 'LABEL_2'}\n"}
,{"stream_name":"stdout","time":68.768654484,"data":"FPB 50agree: 4846 samples — Counter({1: 2879, 2: 1363, 0: 604})\n"}
,{"stream_name":"stdout","time":68.768707881,"data":"FPB allAgree: 2264 samples — Counter({1: 1391, 2: 570, 0: 303})\n"}
,{"stream_name":"stdout","time":68.969532788,"data":"finbert-tone label_map: {0: 1, 1: 2, 2: 0}\n"}
,{"stream_name":"stdout","time":68.969575998,"data":"\n"}
,{"stream_name":"stdout","time":68.969583572,"data":"Running inference on FPB 50agree...\n"}
,{"stream_name":"stdout","time":6538.249598765,"data":"Running inference on FPB allAgree...\n"}
,{"stream_name":"stdout","time":9438.311248349,"data":"Done.\n"}
,{"stream_name":"stdout","time":9438.462035924,"data":"======================================================================\n"}
,{"stream_name":"stdout","time":9438.462110447,"data":"FPB sentences_50agree (4,846 samples)\n"}
,{"stream_name":"stdout","time":9438.462123349,"data":"======================================================================\n"}
,{"stream_name":"stdout","time":9438.462131547,"data":"\n"}
,{"stream_name":"stdout","time":9438.462138914,"data":"============================================================\n"}
,{"stream_name":"stdout","time":9438.462146564,"data":"finbert-tone (zero-shot): Accuracy=0.7914, Macro F1=0.7530\n"}
,{"stream_name":"stdout","time":9438.462154226,"data":"============================================================\n"}
,{"stream_name":"stdout","time":9438.462161749,"data":"              precision    recall  f1-score   support\n"}
,{"stream_name":"stdout","time":9438.462168787,"data":"\n"}
,{"stream_name":"stdout","time":9438.462175495,"data":"    negative     0.7910    0.6705    0.7258       604\n"}
,{"stream_name":"stdout","time":9438.462180219,"data":"     neutral     0.7969    0.8979    0.8444      2879\n"}
,{"stream_name":"stdout","time":9438.462187516,"data":"    positive     0.7752    0.6200    0.6890      1363\n"}
,{"stream_name":"stdout","time":9438.462194862,"data":"\n"}
,{"stream_name":"stdout","time":9438.462202076,"data":"    accuracy                         0.7914      4846\n"}
,{"stream_name":"stdout","time":9438.462209953,"data":"   macro avg     0.7877    0.7295    0.7530      4846\n"}
,{"stream_name":"stdout","time":9438.462218075,"data":"weighted avg     0.7900    0.7914    0.7859      4846\n"}
,{"stream_name":"stdout","time":9438.462225765,"data":"\n"}
,{"stream_name":"stdout","time":9438.462233093,"data":"\n"}
,{"stream_name":"stdout","time":9438.462240651,"data":"============================================================\n"}
,{"stream_name":"stdout","time":9438.462248975,"data":"ModernFinBERT (held-out): Accuracy=0.9713, Macro F1=0.9671\n"}
,{"stream_name":"stdout","time":9438.462256604,"data":"============================================================\n"}
,{"stream_name":"stdout","time":9438.462264219,"data":"              precision    recall  f1-score   support\n"}
,{"stream_name":"stdout","time":9438.462271518,"data":"\n"}
,{"stream_name":"stdout","time":9438.462278482,"data":"    negative     0.9511    0.9669    0.9589       604\n"}
,{"stream_name":"stdout","time":9438.462284303,"data":"     neutral     0.9784    0.9750    0.9767      2879\n"}
,{"stream_name":"stdout","time":9438.462292048,"data":"    positive     0.9655    0.9655    0.9655      1363\n"}
,{"stream_name":"stdout","time":9438.46229978,"data":"\n"}
,{"stream_name":"stdout","time":9438.462307732,"data":"    accuracy                         0.9713      4846\n"}
,{"stream_name":"stdout","time":9438.462337199,"data":"   macro avg     0.9650    0.9691    0.9671      4846\n"}
,{"stream_name":"stdout","time":9438.462343048,"data":"weighted avg     0.9714    0.9713    0.9713      4846\n"}
,{"stream_name":"stdout","time":9438.462348347,"data":"\n"}
,{"stream_name":"stdout","time":9438.462353383,"data":"\n"}
,{"stream_name":"stdout","time":9438.462358307,"data":"\u003e\u003e\u003e Gap (MFB - FT): Acc=+0.1799, F1=+0.2140\n"}
,{"stream_name":"stdout","time":9438.462364162,"data":"\n"}
,{"stream_name":"stdout","time":9438.462369217,"data":"======================================================================\n"}
,{"stream_name":"stdout","time":9438.462372498,"data":"FPB sentences_allAgree (2,264 samples)\n"}
,{"stream_name":"stdout","time":9438.462377582,"data":"======================================================================\n"}
,{"stream_name":"stdout","time":9438.462383338,"data":"\n"}
,{"stream_name":"stdout","time":9438.462388419,"data":"============================================================\n"}
,{"stream_name":"stdout","time":9438.462393839,"data":"finbert-tone (zero-shot): Accuracy=0.9152, Macro F1=0.8939\n"}
,{"stream_name":"stdout","time":9438.462399079,"data":"============================================================\n"}
,{"stream_name":"stdout","time":9438.462404475,"data":"              precision    recall  f1-score   support\n"}
,{"stream_name":"stdout","time":9438.462410266,"data":"\n"}
,{"stream_name":"stdout","time":9438.462415226,"data":"    negative     0.8878    0.8878    0.8878       303\n"}
,{"stream_name":"stdout","time":9438.462420533,"data":"     neutral     0.9134    0.9784    0.9448      1391\n"}
,{"stream_name":"stdout","time":9438.462425809,"data":"    positive     0.9384    0.7754    0.8492       570\n"}
,{"stream_name":"stdout","time":9438.462431059,"data":"\n"}
,{"stream_name":"stdout","time":9438.462436082,"data":"    accuracy                         0.9152      2264\n"}
,{"stream_name":"stdout","time":9438.462441334,"data":"   macro avg     0.9132    0.8806    0.8939      2264\n"}
,{"stream_name":"stdout","time":9438.462448124,"data":"weighted avg     0.9163    0.9152    0.9131      2264\n"}
,{"stream_name":"stdout","time":9438.462453913,"data":"\n"}
,{"stream_name":"stdout","time":9438.462458835,"data":"\n"}
,{"stream_name":"stdout","time":9438.462463779,"data":"============================================================\n"}
,{"stream_name":"stdout","time":9438.46246802,"data":"ModernFinBERT (held-out): Accuracy=0.9969, Macro F1=0.9956\n"}
,{"stream_name":"stdout","time":9438.462473208,"data":"============================================================\n"}
,{"stream_name":"stdout","time":9438.462478678,"data":"              precision    recall  f1-score   support\n"}
,{"stream_name":"stdout","time":9438.462484234,"data":"\n"}
,{"stream_name":"stdout","time":9438.462489305,"data":"    negative     0.9902    0.9967    0.9934       303\n"}
,{"stream_name":"stdout","time":9438.462494966,"data":"     neutral     0.9993    0.9978    0.9986      1391\n"}
,{"stream_name":"stdout","time":9438.462500395,"data":"    positive     0.9947    0.9947    0.9947       570\n"}
,{"stream_name":"stdout","time":9438.462505757,"data":"\n"}
,{"stream_name":"stdout","time":9438.462510823,"data":"    accuracy                         0.9969      2264\n"}
,{"stream_name":"stdout","time":9438.46251607,"data":"   macro avg     0.9947    0.9964    0.9956      2264\n"}
,{"stream_name":"stdout","time":9438.462521246,"data":"weighted avg     0.9969    0.9969    0.9969      2264\n"}
,{"stream_name":"stdout","time":9438.462526517,"data":"\n"}
,{"stream_name":"stdout","time":9438.462536945,"data":"\n"}
,{"stream_name":"stdout","time":9438.462587249,"data":"\u003e\u003e\u003e Gap (MFB - FT): Acc=+0.0817, F1=+0.1016\n"}
,{"stream_name":"stdout","time":9439.694310698,"data":"Sentence-level agreement:\n"}
,{"stream_name":"stdout","time":9439.694344032,"data":"  both_right:  3782 — both models correct\n"}
,{"stream_name":"stdout","time":9439.694350533,"data":"  both_wrong:  86 — neither model correct\n"}
,{"stream_name":"stdout","time":9439.694355005,"data":"  ft_only:     53 — finbert-tone right, MFB wrong\n"}
,{"stream_name":"stdout","time":9439.694359185,"data":"  mfb_only:    925 — MFB right, finbert-tone wrong\n"}
,{"stream_name":"stdout","time":9439.69436319,"data":"\n"}
,{"stream_name":"stdout","time":9439.69436744,"data":"MFB unique advantage: +872 sentences\n"}
,{"stream_name":"stdout","time":9439.771271808,"data":"Per-class accuracy:\n"}
,{"stream_name":"stdout","time":9439.77131355,"data":"    negative (n= 604): FT=0.6705  MFB=0.9669  delta=+0.2964\n"}
,{"stream_name":"stdout","time":9439.771319726,"data":"     neutral (n=2879): FT=0.8979  MFB=0.9750  delta=+0.0771\n"}
,{"stream_name":"stdout","time":9439.771324315,"data":"    positive (n=1363): FT=0.6200  MFB=0.9655  delta=+0.3456\n"}
,{"stream_name":"stdout","time":9439.771328353,"data":"\n"}
,{"stream_name":"stdout","time":9439.771332115,"data":"Accuracy by text length:\n"}
,{"stream_name":"stdout","time":9439.771336696,"data":"       short (n=1195): FT=0.8561  MFB=0.9791  delta=+0.1230\n"}
,{"stream_name":"stdout","time":9439.771342237,"data":"      medium (n=1931): FT=0.7804  MFB=0.9751  delta=+0.1947\n"}
,{"stream_name":"stdout","time":9439.771346411,"data":"        long (n=1401): FT=0.7695  MFB=0.9607  delta=+0.1913\n"}
,{"stream_name":"stdout","time":9439.7713503,"data":"   very_long (n= 319): FT=0.7116  MFB=0.9655  delta=+0.2539\n"}
,{"stream_name":"stdout","time":9439.82303801,"data":"\n"}
,{"stream_name":"stdout","time":9439.823081356,"data":"finbert-tone — accuracy by confidence quartile:\n"}
,{"stream_name":"stdout","time":9439.823106655,"data":"  Q1: acc=0.5965, mean_conf=0.8919, n=1212\n"}
,{"stream_name":"stdout","time":9439.823111316,"data":"  Q2: acc=0.7432, mean_conf=0.9994, n=1211\n"}
,{"stream_name":"stdout","time":9439.823115303,"data":"  Q3: acc=0.8924, mean_conf=1.0000, n=1217\n"}
,{"stream_name":"stdout","time":9439.823119054,"data":"  Q4: acc=0.9337, mean_conf=1.0000, n=1206\n"}
,{"stream_name":"stdout","time":9439.823123077,"data":"\n"}
,{"stream_name":"stdout","time":9439.823126703,"data":"ModernFinBERT — accuracy by confidence quartile:\n"}
,{"stream_name":"stdout","time":9439.823131104,"data":"  Q1: acc=0.9033, mean_conf=0.9256, n=1241\n"}
,{"stream_name":"stdout","time":9439.823135303,"data":"  Q2: acc=0.9868, mean_conf=0.9987, n=1285\n"}
,{"stream_name":"stdout","time":9439.823139205,"data":"  Q3: acc=0.9991, mean_conf=1.0000, n=2320\n"}
,{"stream_name":"stdout","time":9439.862331493,"data":"================================================================================\n"}
,{"stream_name":"stdout","time":9439.862374468,"data":"finbert-tone CORRECT, ModernFinBERT WRONG:\n"}
,{"stream_name":"stdout","time":9439.862381127,"data":"================================================================================\n"}
,{"stream_name":"stdout","time":9439.862385918,"data":"\n"}
,{"stream_name":"stdout","time":9439.862390111,"data":"  Text: Jun. 14 , 2009 ( AOL Weblogs delivered by Newstex ) -- Looks like the E71 is about to be upstaged as Nokia 's ( NYSE : N...\n"}
,{"stream_name":"stdout","time":9439.862394688,"data":"  True: neutral | FT: neutral ok | MFB: positive X\n"}
,{"stream_name":"stdout","time":9439.86241803,"data":"\n"}
,{"stream_name":"stdout","time":9439.862423048,"data":"  Text: Neste Oil will offer outplacement services to the 111 employees to be reduced ....\n"}
,{"stream_name":"stdout","time":9439.862426942,"data":"  True: neutral | FT: neutral ok | MFB: negative X\n"}
,{"stream_name":"stdout","time":9439.8624314,"data":"\n"}
,{"stream_name":"stdout","time":9439.86243503,"data":"  Text: Temporary layoffs in these units have already started ....\n"}
,{"stream_name":"stdout","time":9439.862439444,"data":"  True: neutral | FT: neutral ok | MFB: negative X\n"}
,{"stream_name":"stdout","time":9439.862443706,"data":"\n"}
,{"stream_name":"stdout","time":9439.86244786,"data":"  Text: The newspapers of Alma Media and Arena Partners will enter a cooperation agreement on using Alma 's marketplace services...\n"}
,{"stream_name":"stdout","time":9439.862452328,"data":"  True: neutral | FT: neutral ok | MFB: positive X\n"}
,{"stream_name":"stdout","time":9439.862456681,"data":"\n"}
,{"stream_name":"stdout","time":9439.862460614,"data":"  Text: The Swedish Maritime Administration has closed the Furusund Channel , which Viking Line normally charters en route to St...\n"}
,{"stream_name":"stdout","time":9439.862464934,"data":"  True: neutral | FT: neutral ok | MFB: negative X\n"}
,{"stream_name":"stdout","time":9439.862468944,"data":"\n"}
,{"stream_name":"stdout","time":9439.862473197,"data":"  Text: TietoEnator signed an agreement to acquire Indian research and development ( R\u0026D ) services provider and turnkey softwar...\n"}
,{"stream_name":"stdout","time":9439.862478084,"data":"  True: neutral | FT: neutral ok | MFB: positive X\n"}
,{"stream_name":"stdout","time":9439.862482388,"data":"\n"}
,{"stream_name":"stdout","time":9439.862486286,"data":"  Text: HKScan is one of the leading food companies in northern Europe with homemarkets in Finland , Sweden , the Baltic countri...\n"}
,{"stream_name":"stdout","time":9439.862490854,"data":"  True: neutral | FT: neutral ok | MFB: positive X\n"}
,{"stream_name":"stdout","time":9439.862494662,"data":"\n"}
,{"stream_name":"stdout","time":9439.862498161,"data":"  Text: The board further said the company omitted to tender for a substantial part of the works and as such they had rightfully...\n"}
,{"stream_name":"stdout","time":9439.862502014,"data":"  True: neutral | FT: neutral ok | MFB: positive X\n"}
,{"stream_name":"stdout","time":9439.862506335,"data":"\n"}
,{"stream_name":"stdout","time":9439.862518256,"data":"  Text: The Finnish company Stockmann has signed the contract with the company Technopolis ....\n"}
,{"stream_name":"stdout","time":9439.862523155,"data":"  True: neutral | FT: neutral ok | MFB: positive X\n"}
,{"stream_name":"stdout","time":9439.862527096,"data":"\n"}
,{"stream_name":"stdout","time":9439.862530932,"data":"  Text: According to Olvi , the company is already negotiating new agreements ....\n"}
,{"stream_name":"stdout","time":9439.862535052,"data":"  True: neutral | FT: neutral ok | MFB: positive X\n"}
,{"stream_name":"stdout","time":9439.862543449,"data":"\n"}
,{"stream_name":"stdout","time":9439.862547539,"data":"================================================================================\n"}
,{"stream_name":"stdout","time":9439.862550609,"data":"ModernFinBERT CORRECT, finbert-tone WRONG:\n"}
,{"stream_name":"stdout","time":9439.862555403,"data":"================================================================================\n"}
,{"stream_name":"stdout","time":9439.862558126,"data":"\n"}
,{"stream_name":"stdout","time":9439.862560605,"data":"  Text: South America and Asia are other promising markets ....\n"}
,{"stream_name":"stdout","time":9439.862568072,"data":"  True: neutral | FT: positive X | MFB: neutral ok\n"}
,{"stream_name":"stdout","time":9439.862570815,"data":"\n"}
,{"stream_name":"stdout","time":9439.862573402,"data":"  Text: The one dark spot on the horizon , however , was the company 's performance in the Finnish bottled water market ....\n"}
,{"stream_name":"stdout","time":9439.862576209,"data":"  True: negative | FT: neutral X | MFB: negative ok\n"}
,{"stream_name":"stdout","time":9439.862578746,"data":"\n"}
,{"stream_name":"stdout","time":9439.862581163,"data":"  Text: Its total annual revenue comes up to about 160 mln zloty ( $ 56.9 mln-42 .3 mln euro ) ....\n"}
,{"stream_name":"stdout","time":9439.862583826,"data":"  True: neutral | FT: positive X | MFB: neutral ok\n"}
,{"stream_name":"stdout","time":9439.862586301,"data":"\n"}
,{"stream_name":"stdout","time":9439.862588769,"data":"  Text: This is due to the postponement of the decision-making of projects in the negotiation phase from the earlier estimation ...\n"}
,{"stream_name":"stdout","time":9439.862591452,"data":"  True: neutral | FT: negative X | MFB: neutral ok\n"}
,{"stream_name":"stdout","time":9439.862594152,"data":"\n"}
,{"stream_name":"stdout","time":9439.862596555,"data":"  Text: As a result of the negotiations the employment of 130 blue - and white-collar employees at the Oulu plant would be termi...\n"}
,{"stream_name":"stdout","time":9439.862599228,"data":"  True: negative | FT: neutral X | MFB: negative ok\n"}
,{"stream_name":"stdout","time":9439.862601856,"data":"\n"}
,{"stream_name":"stdout","time":9439.862604195,"data":"  Text: Biohit , Inc. , has expanded its mLINE Family of Pipettors with the addition of the NEW 1-10 ml volume range ....\n"}
,{"stream_name":"stdout","time":9439.862606861,"data":"  True: neutral | FT: positive X | MFB: neutral ok\n"}
,{"stream_name":"stdout","time":9439.86260935,"data":"\n"}
,{"stream_name":"stdout","time":9439.862611702,"data":"  Text: ( ADP News ) - Sep 30 , 2008 - Finnish security and privacy software solutions developer Stonesoft Oyj said today that i...\n"}
,{"stream_name":"stdout","time":9439.862614552,"data":"  True: positive | FT: neutral X | MFB: positive ok\n"}
,{"stream_name":"stdout","time":9439.86261709,"data":"\n"}
,{"stream_name":"stdout","time":9439.862619464,"data":"  Text: In 2005 Cargotec 's net sales exceeded EUR 2.3 billion ....\n"}
,{"stream_name":"stdout","time":9439.86262205,"data":"  True: neutral | FT: positive X | MFB: neutral ok\n"}
,{"stream_name":"stdout","time":9439.862624533,"data":"\n"}
,{"stream_name":"stdout","time":9439.862626846,"data":"  Text: Via the move , the company aims annual savings of some EUR3m , the main part of which are expected to be realized this y...\n"}
,{"stream_name":"stdout","time":9439.862629501,"data":"  True: positive | FT: neutral X | MFB: positive ok\n"}
,{"stream_name":"stdout","time":9439.862631984,"data":"\n"}
,{"stream_name":"stdout","time":9439.862634552,"data":"  Text: Bioheapleaching makes extraction of metals from low grade ore economically viable ....\n"}
,{"stream_name":"stdout","time":9439.862637188,"data":"  True: neutral | FT: positive X | MFB: neutral ok\n"}
,{"stream_name":"stdout","time":9451.471534558,"data":"Training data: 8643 samples\n"}
,{"stream_name":"stdout","time":9451.471587087,"data":"Validation data: 480 samples\n"}
,{"stream_name":"stdout","time":9451.471594864,"data":"Label distribution: Counter({1: 5422, 2: 2340, 0: 881})\n"}
,{"stream_name":"stdout","time":9451.664652294,"data":"Training LoRA r=64...\n"}
,{"stream_name":"stderr","time":9454.257787999,"data":"\u001b[1mModernBertForSequenceClassification LOAD REPORT\u001b[0m from: answerdotai/ModernBERT-base\n"}
,{"stream_name":"stderr","time":9454.25785771,"data":"Key               | Status     | \n"}
,{"stream_name":"stderr","time":9454.257862804,"data":"------------------+------------+-\n"}
,{"stream_name":"stderr","time":9454.25786598,"data":"decoder.bias      | UNEXPECTED | \n"}
,{"stream_name":"stderr","time":9454.257869484,"data":"classifier.bias   | MISSING    | \n"}
,{"stream_name":"stderr","time":9454.257872245,"data":"classifier.weight | MISSING    | \n"}
,{"stream_name":"stderr","time":9454.25787495,"data":"\n"}
,{"stream_name":"stderr","time":9454.257877443,"data":"\u001b[3mNotes:\n"}
,{"stream_name":"stderr","time":9454.257880202,"data":"- UNEXPECTED\u001b[3m\t:can be ignored when loading from different task/architecture; not ok if you expect identical arch.\n"}
,{"stream_name":"stderr","time":9454.257883115,"data":"- MISSING\u001b[3m\t:those params were newly initialized because missing from the checkpoint. Consider training on your downstream task.\u001b[0m\n"}
,{"stream_name":"stderr","time":9454.257886033,"data":"\n"}
,{"stream_name":"stderr","time":9454.257888772,"data":"\u001b[1mModernBertForSequenceClassification LOAD REPORT\u001b[0m from: answerdotai/ModernBERT-base\n"}
,{"stream_name":"stderr","time":9454.257891616,"data":"Key               | Status     | \n"}
,{"stream_name":"stderr","time":9454.257894132,"data":"------------------+------------+-\n"}
,{"stream_name":"stderr","time":9454.25789669,"data":"decoder.bias      | UNEXPECTED | \n"}
,{"stream_name":"stderr","time":9454.257899233,"data":"classifier.bias   | MISSING    | \n"}
,{"stream_name":"stderr","time":9454.257901689,"data":"classifier.weight | MISSING    | \n"}
,{"stream_name":"stderr","time":9454.257904145,"data":"\n"}
,{"stream_name":"stderr","time":9454.257906537,"data":"\u001b[3mNotes:\n"}
,{"stream_name":"stderr","time":9454.257909265,"data":"- UNEXPECTED\u001b[3m\t:can be ignored when loading from different task/architecture; not ok if you expect identical arch.\n"}
,{"stream_name":"stderr","time":9454.257912215,"data":"- MISSING\u001b[3m\t:those params were newly initialized because missing from the checkpoint. Consider training on your downstream task.\u001b[0m\n"}
,{"stream_name":"stderr","time":9454.4911457,"data":"WARNING:torchao.kernel.intmm:Warning: Detected no triton, on systems without Triton certain kernels will not work\n"}
,{"stream_name":"stderr","time":9454.491178489,"data":"\n"}
,{"stream_name":"stderr","time":9454.491182888,"data":"WARNING:torchao.kernel.intmm:Warning: Detected no triton, on systems without Triton certain kernels will not work\n"}
,{"stream_name":"stdout","time":9456.686350238,"data":"trainable params: 13,519,107 || all params: 163,126,278 || trainable%: 8.2875\n"}
,{"stream_name":"stderr","time":9460.549794807,"data":"The tokenizer has new PAD/BOS/EOS tokens that differ from the model config and generation config. The model config and generation config were aligned accordingly, being updated with the tokenizer's values. Updated tokens: {'eos_token_id': None, 'bos_token_id': None}.\n"}
,{"stream_name":"stderr","time":9460.54984219,"data":"\n"}
,{"stream_name":"stderr","time":9460.549849286,"data":"The tokenizer has new PAD/BOS/EOS tokens that differ from the model config and generation config. The model config and generation config were aligned accordingly, being updated with the tokenizer's values. Updated tokens: {'eos_token_id': None, 'bos_token_id': None}.\n"}
]